[ 2017-04-02T09:11:52+08:00 ] 127.0.0.1 /index.php/Admin/Goods/get_attr_by_type_edit.html?type_id=12&goods_id=23
INFO: [ app_begin ] --START--
INFO: Run Behavior\ReadHtmlCacheBehavior [ RunTime:0.000344s ]
INFO: [ app_begin ] --END-- [ RunTime:0.000624s ]
SQL: SHOW COLUMNS FROM `jxshop_admin` [ RunTime:0.0024s ]
SQL: SELECT * FROM `jxshop_admin` WHERE `id` = 1  [ RunTime:0.0003s ]
SQL: SHOW COLUMNS FROM `jxshop_attribute` [ RunTime:0.0410s ]
SQL: SELECT a.*,(select ga.attr_value  from jxshop_goods_attr ga where ga.attr_id = a.id and ga.goods_id=23) as attr_value FROM jxshop_attribute a WHERE `type_id` = 12  [ RunTime:0.0158s ]

[ 2017-04-02T09:15:36+08:00 ] 127.0.0.1 /index.php/Admin/Goods/get_attr_by_type_edit.html?type_id=12&goods_id=23
INFO: [ app_begin ] --START--
INFO: Run Behavior\ReadHtmlCacheBehavior [ RunTime:0.000425s ]
INFO: [ app_begin ] --END-- [ RunTime:0.000688s ]
SQL: SHOW COLUMNS FROM `jxshop_admin` [ RunTime:0.0023s ]
SQL: SELECT * FROM `jxshop_admin` WHERE `id` = 1  [ RunTime:0.0003s ]
SQL: SHOW COLUMNS FROM `jxshop_attribute` [ RunTime:0.0023s ]
SQL: SELECT a.*,(select ga.attr_value  from jxshop_goods_attr ga where ga.attr_id = a.id and ga.goods_id=23) as attr_value FROM jxshop_attribute a WHERE `type_id` = 12  [ RunTime:0.0004s ]

[ 2017-04-02T09:34:13+08:00 ] 127.0.0.1 /index.php/Admin/Goods/get_attr_by_type_edit.html?type_id=12&goods_id=23
INFO: [ app_begin ] --START--
INFO: Run Behavior\ReadHtmlCacheBehavior [ RunTime:0.000385s ]
INFO: [ app_begin ] --END-- [ RunTime:0.000656s ]
SQL: SHOW COLUMNS FROM `jxshop_admin` [ RunTime:0.0026s ]
SQL: SELECT * FROM `jxshop_admin` WHERE `id` = 1  [ RunTime:0.0003s ]
SQL: SHOW COLUMNS FROM `jxshop_attribute` [ RunTime:0.0023s ]
SQL: SELECT a.*,(select ga.attr_value  from jxshop_goods_attr ga where ga.attr_id = a.id and ga.goods_id=23) as attr_value FROM jxshop_attribute a WHERE `type_id` = 12  [ RunTime:0.0004s ]

[ 2017-04-02T09:35:00+08:00 ] 127.0.0.1 /index.php/Admin/Goods/get_attr_by_type_edit.html?type_id=12&goods_id=23
INFO: [ app_begin ] --START--
INFO: Run Behavior\ReadHtmlCacheBehavior [ RunTime:0.000335s ]
INFO: [ app_begin ] --END-- [ RunTime:0.000607s ]
SQL: SHOW COLUMNS FROM `jxshop_admin` [ RunTime:0.0024s ]
SQL: SELECT * FROM `jxshop_admin` WHERE `id` = 1  [ RunTime:0.0003s ]
SQL: SHOW COLUMNS FROM `jxshop_attribute` [ RunTime:0.0023s ]
SQL: SELECT a.*,(select ga.attr_value  from jxshop_goods_attr ga where ga.attr_id = a.id and ga.goods_id=23) as attr_value FROM jxshop_attribute a WHERE `type_id` = 12  [ RunTime:0.0004s ]

[ 2017-04-02T09:36:59+08:00 ] 127.0.0.1 /index.php/Admin/Goods/get_attr_by_type_edit.html?type_id=12&goods_id=23
INFO: [ app_begin ] --START--
INFO: Run Behavior\ReadHtmlCacheBehavior [ RunTime:0.000375s ]
INFO: [ app_begin ] --END-- [ RunTime:0.000719s ]
SQL: SHOW COLUMNS FROM `jxshop_admin` [ RunTime:0.0024s ]
SQL: SELECT * FROM `jxshop_admin` WHERE `id` = 1  [ RunTime:0.0003s ]
SQL: SHOW COLUMNS FROM `jxshop_attribute` [ RunTime:0.0024s ]
SQL: SELECT a.*,(select ga.attr_value  from jxshop_goods_attr ga where ga.attr_id = a.id and ga.goods_id=23) as attr_value FROM jxshop_attribute a WHERE `type_id` = 12  [ RunTime:0.0004s ]

[ 2017-04-02T09:43:04+08:00 ] 127.0.0.1 /index.php/Admin/Goods/get_attr_by_type_edit.html?type_id=12&goods_id=23
INFO: [ app_begin ] --START--
INFO: Run Behavior\ReadHtmlCacheBehavior [ RunTime:0.000504s ]
INFO: [ app_begin ] --END-- [ RunTime:0.000874s ]
SQL: SHOW COLUMNS FROM `jxshop_admin` [ RunTime:0.0024s ]
SQL: SELECT * FROM `jxshop_admin` WHERE `id` = 1  [ RunTime:0.0005s ]
SQL: SHOW COLUMNS FROM `jxshop_attribute` [ RunTime:0.0027s ]
SQL: SELECT a.*,(select ga.attr_value  from jxshop_goods_attr ga where ga.attr_id = a.id and ga.goods_id=23) as attr_value FROM jxshop_attribute a WHERE `type_id` = 12  [ RunTime:0.0005s ]

[ 2017-04-02T09:49:15+08:00 ] 127.0.0.1 /index.php/Admin/Goods/get_attr_by_type_edit.html?type_id=11&goods_id=23
INFO: [ app_begin ] --START--
INFO: Run Behavior\ReadHtmlCacheBehavior [ RunTime:0.000346s ]
INFO: [ app_begin ] --END-- [ RunTime:0.000613s ]
SQL: SHOW COLUMNS FROM `jxshop_admin` [ RunTime:0.0027s ]
SQL: SELECT * FROM `jxshop_admin` WHERE `id` = 1  [ RunTime:0.0003s ]
SQL: SHOW COLUMNS FROM `jxshop_attribute` [ RunTime:0.0026s ]
SQL: SELECT a.*,(select ga.attr_value  from jxshop_goods_attr ga where ga.attr_id = a.id and ga.goods_id=23) as attr_value FROM jxshop_attribute a WHERE `type_id` = 11  [ RunTime:0.0004s ]

[ 2017-04-02T09:49:23+08:00 ] 127.0.0.1 /index.php/Admin/Goods/get_attr_by_type_edit.html?type_id=12&goods_id=23
INFO: [ app_begin ] --START--
INFO: Run Behavior\ReadHtmlCacheBehavior [ RunTime:0.000328s ]
INFO: [ app_begin ] --END-- [ RunTime:0.000630s ]
SQL: SHOW COLUMNS FROM `jxshop_admin` [ RunTime:0.0025s ]
SQL: SELECT * FROM `jxshop_admin` WHERE `id` = 1  [ RunTime:0.0003s ]
SQL: SHOW COLUMNS FROM `jxshop_attribute` [ RunTime:0.0024s ]
SQL: SELECT a.*,(select ga.attr_value  from jxshop_goods_attr ga where ga.attr_id = a.id and ga.goods_id=23) as attr_value FROM jxshop_attribute a WHERE `type_id` = 12  [ RunTime:0.0004s ]

[ 2017-04-02T09:49:26+08:00 ] 127.0.0.1 /index.php/Admin/Goods/get_attr_by_type_edit.html?type_id=14&goods_id=23
INFO: [ app_begin ] --START--
INFO: Run Behavior\ReadHtmlCacheBehavior [ RunTime:0.000533s ]
INFO: [ app_begin ] --END-- [ RunTime:0.001017s ]
SQL: SHOW COLUMNS FROM `jxshop_admin` [ RunTime:0.0026s ]
SQL: SELECT * FROM `jxshop_admin` WHERE `id` = 1  [ RunTime:0.0003s ]
SQL: SHOW COLUMNS FROM `jxshop_attribute` [ RunTime:0.0029s ]
SQL: SELECT a.*,(select ga.attr_value  from jxshop_goods_attr ga where ga.attr_id = a.id and ga.goods_id=23) as attr_value FROM jxshop_attribute a WHERE `type_id` = 14  [ RunTime:0.0004s ]

[ 2017-04-02T09:49:32+08:00 ] 127.0.0.1 /index.php/Admin/Goods/get_attr_by_type_edit.html?type_id=11&goods_id=23
INFO: [ app_begin ] --START--
INFO: Run Behavior\ReadHtmlCacheBehavior [ RunTime:0.000348s ]
INFO: [ app_begin ] --END-- [ RunTime:0.000640s ]
SQL: SHOW COLUMNS FROM `jxshop_admin` [ RunTime:0.0025s ]
SQL: SELECT * FROM `jxshop_admin` WHERE `id` = 1  [ RunTime:0.0003s ]
SQL: SHOW COLUMNS FROM `jxshop_attribute` [ RunTime:0.0022s ]
SQL: SELECT a.*,(select ga.attr_value  from jxshop_goods_attr ga where ga.attr_id = a.id and ga.goods_id=23) as attr_value FROM jxshop_attribute a WHERE `type_id` = 11  [ RunTime:0.0003s ]

[ 2017-04-02T09:50:33+08:00 ] 127.0.0.1 /index.php/Admin/Goods/get_attr_by_type_edit.html?type_id=12&goods_id=23
INFO: [ app_begin ] --START--
INFO: Run Behavior\ReadHtmlCacheBehavior [ RunTime:0.000282s ]
INFO: [ app_begin ] --END-- [ RunTime:0.000495s ]
SQL: SHOW COLUMNS FROM `jxshop_admin` [ RunTime:0.0029s ]
SQL: SELECT * FROM `jxshop_admin` WHERE `id` = 1  [ RunTime:0.0003s ]
SQL: SHOW COLUMNS FROM `jxshop_attribute` [ RunTime:0.0024s ]
SQL: SELECT a.*,(select ga.attr_value  from jxshop_goods_attr ga where ga.attr_id = a.id and ga.goods_id=23) as attr_value FROM jxshop_attribute a WHERE `type_id` = 12  [ RunTime:0.0004s ]

[ 2017-04-02T09:57:43+08:00 ] 127.0.0.1 /index.php/Admin/Goods/goods_edit/id/23.html
ERR: syntax error, unexpected ')'

[ 2017-04-02T10:00:07+08:00 ] 127.0.0.1 /index.php/Admin/Goods/goods_edit/id/23.html
ERR: syntax error, unexpected ')'

[ 2017-04-02T10:01:39+08:00 ] 127.0.0.1 /index.php/Admin/Goods/goods_edit/id/23.html
ERR: syntax error, unexpected ')'

[ 2017-04-02T10:03:58+08:00 ] 127.0.0.1 /index.php/Admin/Goods/get_attr_by_type_edit.html?type_id=12&goods_id=23
INFO: [ app_begin ] --START--
INFO: Run Behavior\ReadHtmlCacheBehavior [ RunTime:0.000445s ]
INFO: [ app_begin ] --END-- [ RunTime:0.000793s ]
SQL: SHOW COLUMNS FROM `jxshop_admin` [ RunTime:0.0142s ]
SQL: SELECT * FROM `jxshop_admin` WHERE `id` = 1  [ RunTime:0.0003s ]
SQL: SHOW COLUMNS FROM `jxshop_attribute` [ RunTime:0.0022s ]
SQL: SELECT a.*,(select ga.attr_value  from jxshop_goods_attr ga where ga.attr_id = a.id and ga.goods_id=23) as attr_value FROM jxshop_attribute a WHERE `type_id` = 12  [ RunTime:0.0004s ]

[ 2017-04-02T10:05:33+08:00 ] 127.0.0.1 /index.php/Admin/Goods/get_attr_by_type_edit.html?type_id=12&goods_id=23
INFO: [ app_begin ] --START--
INFO: Run Behavior\ReadHtmlCacheBehavior [ RunTime:0.000549s ]
INFO: [ app_begin ] --END-- [ RunTime:0.000883s ]
SQL: SHOW COLUMNS FROM `jxshop_admin` [ RunTime:0.0044s ]
SQL: SELECT * FROM `jxshop_admin` WHERE `id` = 1  [ RunTime:0.0003s ]
SQL: SHOW COLUMNS FROM `jxshop_attribute` [ RunTime:0.0034s ]
SQL: SELECT a.*,(select ga.attr_value  from jxshop_goods_attr ga where ga.attr_id = a.id and ga.goods_id=23) as attr_value FROM jxshop_attribute a WHERE `type_id` = 12  [ RunTime:0.0004s ]

[ 2017-04-02T10:08:18+08:00 ] 127.0.0.1 /index.php/Admin/Goods/get_attr_by_type_edit.html?type_id=12&goods_id=23
INFO: [ app_begin ] --START--
INFO: Run Behavior\ReadHtmlCacheBehavior [ RunTime:0.000561s ]
INFO: [ app_begin ] --END-- [ RunTime:0.000982s ]
SQL: SHOW COLUMNS FROM `jxshop_admin` [ RunTime:0.0025s ]
SQL: SELECT * FROM `jxshop_admin` WHERE `id` = 1  [ RunTime:0.0003s ]
SQL: SHOW COLUMNS FROM `jxshop_attribute` [ RunTime:0.0024s ]
SQL: SELECT a.*,(select ga.attr_value  from jxshop_goods_attr ga where ga.attr_id = a.id and ga.goods_id=23) as attr_value FROM jxshop_attribute a WHERE `type_id` = 12  [ RunTime:0.0004s ]

[ 2017-04-02T10:15:12+08:00 ] 127.0.0.1 /index.php/Admin/Goods/goods_edit/id/23.html
ERR: syntax error, unexpected ')'

[ 2017-04-02T10:15:29+08:00 ] 127.0.0.1 /index.php/Admin/Goods/goods_edit/id/23.html
ERR: syntax error, unexpected ')'

[ 2017-04-02T10:15:51+08:00 ] 127.0.0.1 /index.php/Admin/Goods/goods_edit/id/23.html
ERR: syntax error, unexpected ')'

[ 2017-04-02T10:16:22+08:00 ] 127.0.0.1 /index.php/Admin/Goods/goods_edit/id/23.html
ERR: syntax error, unexpected ')'

[ 2017-04-02T10:16:42+08:00 ] 127.0.0.1 /index.php/Admin/Goods/goods_edit/id/23.html
ERR: syntax error, unexpected ')'

[ 2017-04-02T10:19:02+08:00 ] 127.0.0.1 /index.php/Admin/Goods/get_attr_by_type_edit.html?type_id=12&goods_id=23
INFO: [ app_begin ] --START--
INFO: Run Behavior\ReadHtmlCacheBehavior [ RunTime:0.000444s ]
INFO: [ app_begin ] --END-- [ RunTime:0.000916s ]
SQL: SHOW COLUMNS FROM `jxshop_admin` [ RunTime:0.0026s ]
SQL: SELECT * FROM `jxshop_admin` WHERE `id` = 1  [ RunTime:0.0003s ]
SQL: SHOW COLUMNS FROM `jxshop_attribute` [ RunTime:0.0043s ]
SQL: SELECT a.*,(select ga.attr_value  from jxshop_goods_attr ga where ga.attr_id = a.id and ga.goods_id=23) as attr_value FROM jxshop_attribute a WHERE `type_id` = 12  [ RunTime:0.0010s ]

[ 2017-04-02T10:23:56+08:00 ] 127.0.0.1 /index.php/Admin/Goods/get_attr_by_type_edit.html?type_id=12&goods_id=23
INFO: [ app_begin ] --START--
INFO: Run Behavior\ReadHtmlCacheBehavior [ RunTime:0.000632s ]
INFO: [ app_begin ] --END-- [ RunTime:0.001303s ]
SQL: SHOW COLUMNS FROM `jxshop_admin` [ RunTime:0.0045s ]
SQL: SELECT * FROM `jxshop_admin` WHERE `id` = 1  [ RunTime:0.0004s ]
SQL: SHOW COLUMNS FROM `jxshop_attribute` [ RunTime:0.0031s ]
SQL: SELECT a.*,(select ga.attr_value  from jxshop_goods_attr ga where ga.attr_id = a.id and ga.goods_id=23) as attr_value FROM jxshop_attribute a WHERE `type_id` = 12  [ RunTime:0.0007s ]

[ 2017-04-02T10:48:52+08:00 ] 127.0.0.1 /index.php/Admin/Goods/get_attr_by_type_edit.html?type_id=12&goods_id=23
INFO: [ app_begin ] --START--
INFO: Run Behavior\ReadHtmlCacheBehavior [ RunTime:0.000471s ]
INFO: [ app_begin ] --END-- [ RunTime:0.000917s ]
SQL: SHOW COLUMNS FROM `jxshop_admin` [ RunTime:0.0026s ]
SQL: SELECT * FROM `jxshop_admin` WHERE `id` = 1  [ RunTime:0.0004s ]
SQL: SHOW COLUMNS FROM `jxshop_attribute` [ RunTime:0.0026s ]
SQL: SELECT a.*,(select ga.attr_value  from jxshop_goods_attr ga where ga.attr_id = a.id and ga.goods_id=23) as attr_value FROM jxshop_attribute a WHERE `type_id` = 12  [ RunTime:0.0005s ]

[ 2017-04-02T10:49:23+08:00 ] 127.0.0.1 /index.php/Admin/Goods/get_attr_by_type_edit.html?type_id=11&goods_id=23
INFO: [ app_begin ] --START--
INFO: Run Behavior\ReadHtmlCacheBehavior [ RunTime:0.000314s ]
INFO: [ app_begin ] --END-- [ RunTime:0.000629s ]
SQL: SHOW COLUMNS FROM `jxshop_admin` [ RunTime:0.0026s ]
SQL: SELECT * FROM `jxshop_admin` WHERE `id` = 1  [ RunTime:0.0003s ]
SQL: SHOW COLUMNS FROM `jxshop_attribute` [ RunTime:0.0023s ]
SQL: SELECT a.*,(select ga.attr_value  from jxshop_goods_attr ga where ga.attr_id = a.id and ga.goods_id=23) as attr_value FROM jxshop_attribute a WHERE `type_id` = 11  [ RunTime:0.0004s ]

[ 2017-04-02T10:51:19+08:00 ] 127.0.0.1 /index.php/Admin/Goods/get_attr_by_type_edit.html?type_id=12&goods_id=23
INFO: [ app_begin ] --START--
INFO: Run Behavior\ReadHtmlCacheBehavior [ RunTime:0.000528s ]
INFO: [ app_begin ] --END-- [ RunTime:0.000960s ]
SQL: SHOW COLUMNS FROM `jxshop_admin` [ RunTime:0.0025s ]
SQL: SELECT * FROM `jxshop_admin` WHERE `id` = 1  [ RunTime:0.0003s ]
SQL: SHOW COLUMNS FROM `jxshop_attribute` [ RunTime:0.0028s ]
SQL: SELECT a.*,(select ga.attr_value  from jxshop_goods_attr ga where ga.attr_id = a.id and ga.goods_id=23) as attr_value FROM jxshop_attribute a WHERE `type_id` = 12  [ RunTime:0.0011s ]

[ 2017-04-02T10:51:36+08:00 ] 127.0.0.1 /index.php/Admin/Goods/get_attr_by_type_edit.html?type_id=12&goods_id=23
INFO: [ app_begin ] --START--
INFO: Run Behavior\ReadHtmlCacheBehavior [ RunTime:0.000393s ]
INFO: [ app_begin ] --END-- [ RunTime:0.000697s ]
SQL: SHOW COLUMNS FROM `jxshop_admin` [ RunTime:0.0025s ]
SQL: SELECT * FROM `jxshop_admin` WHERE `id` = 1  [ RunTime:0.0003s ]
SQL: SHOW COLUMNS FROM `jxshop_attribute` [ RunTime:0.0024s ]
SQL: SELECT a.*,(select ga.attr_value  from jxshop_goods_attr ga where ga.attr_id = a.id and ga.goods_id=23) as attr_value FROM jxshop_attribute a WHERE `type_id` = 12  [ RunTime:0.0004s ]

[ 2017-04-02T10:52:30+08:00 ] 127.0.0.1 /index.php/Admin/Goods/get_attr_by_type_edit.html?type_id=12&goods_id=23
INFO: [ app_begin ] --START--
INFO: Run Behavior\ReadHtmlCacheBehavior [ RunTime:0.000534s ]
INFO: [ app_begin ] --END-- [ RunTime:0.000838s ]
SQL: SHOW COLUMNS FROM `jxshop_admin` [ RunTime:0.0025s ]
SQL: SELECT * FROM `jxshop_admin` WHERE `id` = 1  [ RunTime:0.0002s ]
SQL: SHOW COLUMNS FROM `jxshop_attribute` [ RunTime:0.0024s ]
SQL: SELECT a.*,(select ga.attr_value  from jxshop_goods_attr ga where ga.attr_id = a.id and ga.goods_id=23) as attr_value FROM jxshop_attribute a WHERE `type_id` = 12  [ RunTime:0.0004s ]

[ 2017-04-02T10:59:04+08:00 ] 127.0.0.1 /index.php/Admin/Goods/get_attr_by_type_edit.html?type_id=12&goods_id=23
INFO: [ app_begin ] --START--
INFO: Run Behavior\ReadHtmlCacheBehavior [ RunTime:0.000379s ]
INFO: [ app_begin ] --END-- [ RunTime:0.000658s ]
SQL: SHOW COLUMNS FROM `jxshop_admin` [ RunTime:0.0026s ]
SQL: SELECT * FROM `jxshop_admin` WHERE `id` = 1  [ RunTime:0.0003s ]
SQL: SHOW COLUMNS FROM `jxshop_attribute` [ RunTime:0.0025s ]
SQL: SELECT a.*,(select ga.attr_value  from jxshop_goods_attr ga where ga.attr_id = a.id and ga.goods_id=23) as attr_value FROM jxshop_attribute a WHERE `type_id` = 12  [ RunTime:0.0006s ]

[ 2017-04-02T11:00:51+08:00 ] 127.0.0.1 /index.php/Admin/Goods/get_attr_by_type_edit.html?type_id=12&goods_id=23
INFO: [ app_begin ] --START--
INFO: Run Behavior\ReadHtmlCacheBehavior [ RunTime:0.000507s ]
INFO: [ app_begin ] --END-- [ RunTime:0.000899s ]
SQL: SHOW COLUMNS FROM `jxshop_admin` [ RunTime:0.0023s ]
SQL: SELECT * FROM `jxshop_admin` WHERE `id` = 1  [ RunTime:0.0003s ]
SQL: SHOW COLUMNS FROM `jxshop_attribute` [ RunTime:0.0024s ]
SQL: SELECT a.*,(select ga.attr_value  from jxshop_goods_attr ga where ga.attr_id = a.id and ga.goods_id=23) as attr_value FROM jxshop_attribute a WHERE `type_id` = 12  [ RunTime:0.0004s ]

[ 2017-04-02T11:01:42+08:00 ] 127.0.0.1 /index.php/Admin/Goods/get_attr_by_type_edit.html?type_id=12&goods_id=23
INFO: [ app_begin ] --START--
INFO: Run Behavior\ReadHtmlCacheBehavior [ RunTime:0.000340s ]
INFO: [ app_begin ] --END-- [ RunTime:0.000607s ]
SQL: SHOW COLUMNS FROM `jxshop_admin` [ RunTime:0.0027s ]
SQL: SELECT * FROM `jxshop_admin` WHERE `id` = 1  [ RunTime:0.0003s ]
SQL: SHOW COLUMNS FROM `jxshop_attribute` [ RunTime:0.0024s ]
SQL: SELECT a.*,(select ga.attr_value  from jxshop_goods_attr ga where ga.attr_id = a.id and ga.goods_id=23) as attr_value FROM jxshop_attribute a WHERE `type_id` = 12  [ RunTime:0.0004s ]

[ 2017-04-02T11:03:29+08:00 ] 127.0.0.1 /index.php/Admin/Goods/get_attr_by_type_edit.html?type_id=12&goods_id=23
INFO: [ app_begin ] --START--
INFO: Run Behavior\ReadHtmlCacheBehavior [ RunTime:0.000404s ]
INFO: [ app_begin ] --END-- [ RunTime:0.000649s ]
SQL: SHOW COLUMNS FROM `jxshop_admin` [ RunTime:0.0023s ]
SQL: SELECT * FROM `jxshop_admin` WHERE `id` = 1  [ RunTime:0.0003s ]
SQL: SHOW COLUMNS FROM `jxshop_attribute` [ RunTime:0.0028s ]
SQL: SELECT a.*,(select ga.attr_value  from jxshop_goods_attr ga where ga.attr_id = a.id and ga.goods_id=23) as attr_value FROM jxshop_attribute a WHERE `type_id` = 12  [ RunTime:0.0005s ]

[ 2017-04-02T11:04:11+08:00 ] 127.0.0.1 /index.php/Admin/Goods/get_attr_by_type_edit.html?type_id=11&goods_id=4
INFO: [ app_begin ] --START--
INFO: Run Behavior\ReadHtmlCacheBehavior [ RunTime:0.000332s ]
INFO: [ app_begin ] --END-- [ RunTime:0.000596s ]
SQL: SHOW COLUMNS FROM `jxshop_admin` [ RunTime:0.0474s ]
SQL: SELECT * FROM `jxshop_admin` WHERE `id` = 1  [ RunTime:0.0003s ]
SQL: SHOW COLUMNS FROM `jxshop_attribute` [ RunTime:0.0024s ]
SQL: SELECT a.*,(select ga.attr_value  from jxshop_goods_attr ga where ga.attr_id = a.id and ga.goods_id=4) as attr_value FROM jxshop_attribute a WHERE `type_id` = 11  [ RunTime:0.0003s ]

[ 2017-04-02T11:04:54+08:00 ] 127.0.0.1 /index.php/Admin/Goods/get_attr_by_type_edit.html?type_id=11&goods_id=4
INFO: [ app_begin ] --START--
INFO: Run Behavior\ReadHtmlCacheBehavior [ RunTime:0.000793s ]
INFO: [ app_begin ] --END-- [ RunTime:0.001375s ]
SQL: SHOW COLUMNS FROM `jxshop_admin` [ RunTime:0.0024s ]
SQL: SELECT * FROM `jxshop_admin` WHERE `id` = 1  [ RunTime:0.0002s ]
SQL: SHOW COLUMNS FROM `jxshop_attribute` [ RunTime:0.0029s ]
SQL: SELECT a.*,(select ga.attr_value  from jxshop_goods_attr ga where ga.attr_id = a.id and ga.goods_id=4) as attr_value FROM jxshop_attribute a WHERE `type_id` = 11  [ RunTime:0.0004s ]

[ 2017-04-02T11:06:57+08:00 ] 127.0.0.1 /index.php/Admin/Goods/get_attr_by_type_edit.html?type_id=11&goods_id=4
INFO: [ app_begin ] --START--
INFO: Run Behavior\ReadHtmlCacheBehavior [ RunTime:0.000485s ]
INFO: [ app_begin ] --END-- [ RunTime:0.000859s ]
SQL: SHOW COLUMNS FROM `jxshop_admin` [ RunTime:0.0027s ]
SQL: SELECT * FROM `jxshop_admin` WHERE `id` = 1  [ RunTime:0.0003s ]
SQL: SHOW COLUMNS FROM `jxshop_attribute` [ RunTime:0.0022s ]
SQL: SELECT a.*,(select ga.attr_value  from jxshop_goods_attr ga where ga.attr_id = a.id and ga.goods_id=4) as attr_value FROM jxshop_attribute a WHERE `type_id` = 11  [ RunTime:0.0004s ]

[ 2017-04-02T11:07:47+08:00 ] 127.0.0.1 /index.php/Admin/Goods/get_attr_by_type_edit.html?type_id=11&goods_id=4
INFO: [ app_begin ] --START--
INFO: Run Behavior\ReadHtmlCacheBehavior [ RunTime:0.000508s ]
INFO: [ app_begin ] --END-- [ RunTime:0.000896s ]
SQL: SHOW COLUMNS FROM `jxshop_admin` [ RunTime:0.0024s ]
SQL: SELECT * FROM `jxshop_admin` WHERE `id` = 1  [ RunTime:0.0003s ]
SQL: SHOW COLUMNS FROM `jxshop_attribute` [ RunTime:0.0031s ]
SQL: SELECT a.*,(select ga.attr_value  from jxshop_goods_attr ga where ga.attr_id = a.id and ga.goods_id=4) as attr_value FROM jxshop_attribute a WHERE `type_id` = 11  [ RunTime:0.0004s ]

[ 2017-04-02T11:14:14+08:00 ] 127.0.0.1 /index.php/Admin/Goods/get_attr_by_type_edit.html?type_id=11&goods_id=4
INFO: [ app_begin ] --START--
INFO: Run Behavior\ReadHtmlCacheBehavior [ RunTime:0.000495s ]
INFO: [ app_begin ] --END-- [ RunTime:0.000875s ]
SQL: SHOW COLUMNS FROM `jxshop_admin` [ RunTime:0.0024s ]
SQL: SELECT * FROM `jxshop_admin` WHERE `id` = 1  [ RunTime:0.0003s ]
SQL: SHOW COLUMNS FROM `jxshop_attribute` [ RunTime:0.0027s ]
SQL: SELECT a.*,(select ga.attr_value  from jxshop_goods_attr ga where ga.attr_id = a.id and ga.goods_id=4) as attr_value FROM jxshop_attribute a WHERE `type_id` = 11  [ RunTime:0.0005s ]

[ 2017-04-02T11:15:28+08:00 ] 127.0.0.1 /index.php/Admin/Goods/get_attr_by_type_edit.html?type_id=11&goods_id=4
INFO: [ app_begin ] --START--
INFO: Run Behavior\ReadHtmlCacheBehavior [ RunTime:0.000380s ]
INFO: [ app_begin ] --END-- [ RunTime:0.000647s ]
SQL: SHOW COLUMNS FROM `jxshop_admin` [ RunTime:0.0024s ]
SQL: SELECT * FROM `jxshop_admin` WHERE `id` = 1  [ RunTime:0.0003s ]
SQL: SHOW COLUMNS FROM `jxshop_attribute` [ RunTime:0.0023s ]
SQL: SELECT a.*,(select ga.attr_value  from jxshop_goods_attr ga where ga.attr_id = a.id and ga.goods_id=4) as attr_value FROM jxshop_attribute a WHERE `type_id` = 11  [ RunTime:0.0004s ]

[ 2017-04-02T11:15:54+08:00 ] 127.0.0.1 /index.php/Admin/Goods/get_attr_by_type_edit.html?type_id=11&goods_id=4
INFO: [ app_begin ] --START--
INFO: Run Behavior\ReadHtmlCacheBehavior [ RunTime:0.000531s ]
INFO: [ app_begin ] --END-- [ RunTime:0.000953s ]
SQL: SHOW COLUMNS FROM `jxshop_admin` [ RunTime:0.0026s ]
SQL: SELECT * FROM `jxshop_admin` WHERE `id` = 1  [ RunTime:0.0003s ]
SQL: SHOW COLUMNS FROM `jxshop_attribute` [ RunTime:0.0028s ]
SQL: SELECT a.*,(select ga.attr_value  from jxshop_goods_attr ga where ga.attr_id = a.id and ga.goods_id=4) as attr_value FROM jxshop_attribute a WHERE `type_id` = 11  [ RunTime:0.0005s ]

[ 2017-04-02T11:16:03+08:00 ] 127.0.0.1 /index.php/Admin/Goods/get_attr_by_type_edit.html?type_id=12&goods_id=4
INFO: [ app_begin ] --START--
INFO: Run Behavior\ReadHtmlCacheBehavior [ RunTime:0.000349s ]
INFO: [ app_begin ] --END-- [ RunTime:0.000635s ]
SQL: SHOW COLUMNS FROM `jxshop_admin` [ RunTime:0.0027s ]
SQL: SELECT * FROM `jxshop_admin` WHERE `id` = 1  [ RunTime:0.0003s ]
SQL: SHOW COLUMNS FROM `jxshop_attribute` [ RunTime:0.0025s ]
SQL: SELECT a.*,(select ga.attr_value  from jxshop_goods_attr ga where ga.attr_id = a.id and ga.goods_id=4) as attr_value FROM jxshop_attribute a WHERE `type_id` = 12  [ RunTime:0.0004s ]

[ 2017-04-02T11:16:07+08:00 ] 127.0.0.1 /index.php/Admin/Goods/get_attr_by_type_edit.html?type_id=11&goods_id=4
INFO: [ app_begin ] --START--
INFO: Run Behavior\ReadHtmlCacheBehavior [ RunTime:0.000768s ]
INFO: [ app_begin ] --END-- [ RunTime:0.001472s ]
SQL: SHOW COLUMNS FROM `jxshop_admin` [ RunTime:0.0025s ]
SQL: SELECT * FROM `jxshop_admin` WHERE `id` = 1  [ RunTime:0.0003s ]
SQL: SHOW COLUMNS FROM `jxshop_attribute` [ RunTime:0.0025s ]
SQL: SELECT a.*,(select ga.attr_value  from jxshop_goods_attr ga where ga.attr_id = a.id and ga.goods_id=4) as attr_value FROM jxshop_attribute a WHERE `type_id` = 11  [ RunTime:0.0004s ]

[ 2017-04-02T11:18:50+08:00 ] 127.0.0.1 /index.php/Admin/Goods/get_attr_by_type_edit.html?type_id=11&goods_id=4
INFO: [ app_begin ] --START--
INFO: Run Behavior\ReadHtmlCacheBehavior [ RunTime:0.000556s ]
INFO: [ app_begin ] --END-- [ RunTime:0.000943s ]
SQL: SHOW COLUMNS FROM `jxshop_admin` [ RunTime:0.0025s ]
SQL: SELECT * FROM `jxshop_admin` WHERE `id` = 1  [ RunTime:0.0003s ]
SQL: SHOW COLUMNS FROM `jxshop_attribute` [ RunTime:0.0026s ]
SQL: SELECT a.*,(select ga.attr_value  from jxshop_goods_attr ga where ga.attr_id = a.id and ga.goods_id=4) as attr_value FROM jxshop_attribute a WHERE `type_id` = 11  [ RunTime:0.0004s ]

[ 2017-04-02T11:20:59+08:00 ] 127.0.0.1 /index.php/Admin/Goods/get_attr_by_type_edit.html?type_id=12&goods_id=4
INFO: [ app_begin ] --START--
INFO: Run Behavior\ReadHtmlCacheBehavior [ RunTime:0.000612s ]
INFO: [ app_begin ] --END-- [ RunTime:0.001095s ]
SQL: SHOW COLUMNS FROM `jxshop_admin` [ RunTime:0.0029s ]
SQL: SELECT * FROM `jxshop_admin` WHERE `id` = 1  [ RunTime:0.0004s ]
SQL: SHOW COLUMNS FROM `jxshop_attribute` [ RunTime:0.0025s ]
SQL: SELECT a.*,(select ga.attr_value  from jxshop_goods_attr ga where ga.attr_id = a.id and ga.goods_id=4) as attr_value FROM jxshop_attribute a WHERE `type_id` = 12  [ RunTime:0.0004s ]

[ 2017-04-02T11:21:03+08:00 ] 127.0.0.1 /index.php/Admin/Goods/get_attr_by_type_edit.html?type_id=11&goods_id=4
INFO: [ app_begin ] --START--
INFO: Run Behavior\ReadHtmlCacheBehavior [ RunTime:0.000461s ]
INFO: [ app_begin ] --END-- [ RunTime:0.000922s ]
SQL: SHOW COLUMNS FROM `jxshop_admin` [ RunTime:0.0023s ]
SQL: SELECT * FROM `jxshop_admin` WHERE `id` = 1  [ RunTime:0.0003s ]
SQL: SHOW COLUMNS FROM `jxshop_attribute` [ RunTime:0.0022s ]
SQL: SELECT a.*,(select ga.attr_value  from jxshop_goods_attr ga where ga.attr_id = a.id and ga.goods_id=4) as attr_value FROM jxshop_attribute a WHERE `type_id` = 11  [ RunTime:0.0004s ]

[ 2017-04-02T11:21:12+08:00 ] 127.0.0.1 /index.php/Admin/Goods/get_attr_by_type_edit.html?type_id=11&goods_id=4
INFO: [ app_begin ] --START--
INFO: Run Behavior\ReadHtmlCacheBehavior [ RunTime:0.000605s ]
INFO: [ app_begin ] --END-- [ RunTime:0.001040s ]
SQL: SHOW COLUMNS FROM `jxshop_admin` [ RunTime:0.0025s ]
SQL: SELECT * FROM `jxshop_admin` WHERE `id` = 1  [ RunTime:0.0003s ]
SQL: SHOW COLUMNS FROM `jxshop_attribute` [ RunTime:0.0029s ]
SQL: SELECT a.*,(select ga.attr_value  from jxshop_goods_attr ga where ga.attr_id = a.id and ga.goods_id=4) as attr_value FROM jxshop_attribute a WHERE `type_id` = 11  [ RunTime:0.0003s ]

[ 2017-04-02T11:23:59+08:00 ] 127.0.0.1 /index.php/Admin/Goods/get_attr_by_type_edit.html?type_id=11&goods_id=4
INFO: [ app_begin ] --START--
INFO: Run Behavior\ReadHtmlCacheBehavior [ RunTime:0.000505s ]
INFO: [ app_begin ] --END-- [ RunTime:0.000894s ]
SQL: SHOW COLUMNS FROM `jxshop_admin` [ RunTime:0.0026s ]
SQL: SELECT * FROM `jxshop_admin` WHERE `id` = 1  [ RunTime:0.0003s ]
SQL: SHOW COLUMNS FROM `jxshop_attribute` [ RunTime:0.0023s ]
SQL: SELECT a.*,(select ga.attr_value  from jxshop_goods_attr ga where ga.attr_id = a.id and ga.goods_id=4) as attr_value FROM jxshop_attribute a WHERE `type_id` = 11  [ RunTime:0.0004s ]

[ 2017-04-02T11:24:27+08:00 ] 127.0.0.1 /index.php/Admin/Goods/get_attr_by_type_edit.html?type_id=11&goods_id=4
INFO: [ app_begin ] --START--
INFO: Run Behavior\ReadHtmlCacheBehavior [ RunTime:0.000508s ]
INFO: [ app_begin ] --END-- [ RunTime:0.000924s ]
SQL: SHOW COLUMNS FROM `jxshop_admin` [ RunTime:0.0029s ]
SQL: SELECT * FROM `jxshop_admin` WHERE `id` = 1  [ RunTime:0.0005s ]
SQL: SHOW COLUMNS FROM `jxshop_attribute` [ RunTime:0.0026s ]
SQL: SELECT a.*,(select ga.attr_value  from jxshop_goods_attr ga where ga.attr_id = a.id and ga.goods_id=4) as attr_value FROM jxshop_attribute a WHERE `type_id` = 11  [ RunTime:0.0005s ]

[ 2017-04-02T11:36:52+08:00 ] 127.0.0.1 /index.php/Admin/Goods/get_attr_by_type_edit.html?type_id=12&goods_id=23
INFO: [ app_begin ] --START--
INFO: Run Behavior\ReadHtmlCacheBehavior [ RunTime:0.000327s ]
INFO: [ app_begin ] --END-- [ RunTime:0.000588s ]
SQL: SHOW COLUMNS FROM `jxshop_admin` [ RunTime:0.0029s ]
SQL: SELECT * FROM `jxshop_admin` WHERE `id` = 1  [ RunTime:0.0003s ]
SQL: SHOW COLUMNS FROM `jxshop_attribute` [ RunTime:0.0027s ]
SQL: SELECT a.*,(select ga.attr_value  from jxshop_goods_attr ga where ga.attr_id = a.id and ga.goods_id=23) as attr_value FROM jxshop_attribute a WHERE `type_id` = 12  [ RunTime:0.0004s ]

[ 2017-04-02T11:37:21+08:00 ] 127.0.0.1 /index.php/Admin/Goods/get_attr_by_type_edit.html?type_id=12&goods_id=23
INFO: [ app_begin ] --START--
INFO: Run Behavior\ReadHtmlCacheBehavior [ RunTime:0.000565s ]
INFO: [ app_begin ] --END-- [ RunTime:0.001006s ]
SQL: SHOW COLUMNS FROM `jxshop_admin` [ RunTime:0.0026s ]
SQL: SELECT * FROM `jxshop_admin` WHERE `id` = 1  [ RunTime:0.0003s ]
SQL: SHOW COLUMNS FROM `jxshop_attribute` [ RunTime:0.0025s ]
SQL: SELECT a.*,(select ga.attr_value  from jxshop_goods_attr ga where ga.attr_id = a.id and ga.goods_id=23) as attr_value FROM jxshop_attribute a WHERE `type_id` = 12  [ RunTime:0.0004s ]

[ 2017-04-02T11:37:51+08:00 ] 127.0.0.1 /index.php/Admin/Goods/get_attr_by_type_edit.html?type_id=11&goods_id=4
INFO: [ app_begin ] --START--
INFO: Run Behavior\ReadHtmlCacheBehavior [ RunTime:0.000424s ]
INFO: [ app_begin ] --END-- [ RunTime:0.000687s ]
SQL: SHOW COLUMNS FROM `jxshop_admin` [ RunTime:0.0031s ]
SQL: SELECT * FROM `jxshop_admin` WHERE `id` = 1  [ RunTime:0.0003s ]
SQL: SHOW COLUMNS FROM `jxshop_attribute` [ RunTime:0.0028s ]
SQL: SELECT a.*,(select ga.attr_value  from jxshop_goods_attr ga where ga.attr_id = a.id and ga.goods_id=4) as attr_value FROM jxshop_attribute a WHERE `type_id` = 11  [ RunTime:0.0004s ]

[ 2017-04-02T11:39:05+08:00 ] 127.0.0.1 /index.php/Admin/Goods/get_attr_by_type_edit.html?type_id=11&goods_id=4
INFO: [ app_begin ] --START--
INFO: Run Behavior\ReadHtmlCacheBehavior [ RunTime:0.000466s ]
INFO: [ app_begin ] --END-- [ RunTime:0.000846s ]
SQL: SHOW COLUMNS FROM `jxshop_admin` [ RunTime:0.0025s ]
SQL: SELECT * FROM `jxshop_admin` WHERE `id` = 1  [ RunTime:0.0003s ]
SQL: SHOW COLUMNS FROM `jxshop_attribute` [ RunTime:0.0027s ]
SQL: SELECT a.*,(select ga.attr_value  from jxshop_goods_attr ga where ga.attr_id = a.id and ga.goods_id=4) as attr_value FROM jxshop_attribute a WHERE `type_id` = 11  [ RunTime:0.0005s ]

[ 2017-04-02T11:43:02+08:00 ] 127.0.0.1 /index.php/Admin/Goods/get_attr_by_type_edit.html?type_id=11&goods_id=4
INFO: [ app_begin ] --START--
INFO: Run Behavior\ReadHtmlCacheBehavior [ RunTime:0.000469s ]
INFO: [ app_begin ] --END-- [ RunTime:0.000823s ]
SQL: SHOW COLUMNS FROM `jxshop_admin` [ RunTime:0.0030s ]
SQL: SELECT * FROM `jxshop_admin` WHERE `id` = 1  [ RunTime:0.0003s ]
SQL: SHOW COLUMNS FROM `jxshop_attribute` [ RunTime:0.0025s ]
SQL: SELECT a.*,(select ga.attr_value  from jxshop_goods_attr ga where ga.attr_id = a.id and ga.goods_id=4) as attr_value FROM jxshop_attribute a WHERE `type_id` = 11  [ RunTime:0.0005s ]

[ 2017-04-02T11:43:35+08:00 ] 127.0.0.1 /index.php/Admin/Goods/get_attr_by_type_edit.html?type_id=11&goods_id=4
INFO: [ app_begin ] --START--
INFO: Run Behavior\ReadHtmlCacheBehavior [ RunTime:0.000988s ]
INFO: [ app_begin ] --END-- [ RunTime:0.001432s ]
SQL: SHOW COLUMNS FROM `jxshop_admin` [ RunTime:0.0035s ]
SQL: SELECT * FROM `jxshop_admin` WHERE `id` = 1  [ RunTime:0.0003s ]
SQL: SHOW COLUMNS FROM `jxshop_attribute` [ RunTime:0.0025s ]
SQL: SELECT a.*,(select ga.attr_value  from jxshop_goods_attr ga where ga.attr_id = a.id and ga.goods_id=4) as attr_value FROM jxshop_attribute a WHERE `type_id` = 11  [ RunTime:0.0004s ]

[ 2017-04-02T11:43:59+08:00 ] 127.0.0.1 /index.php/Admin/Goods/get_attr_by_type_edit.html?type_id=11&goods_id=4
INFO: [ app_begin ] --START--
INFO: Run Behavior\ReadHtmlCacheBehavior [ RunTime:0.000569s ]
INFO: [ app_begin ] --END-- [ RunTime:0.000995s ]
SQL: SHOW COLUMNS FROM `jxshop_admin` [ RunTime:0.0039s ]
SQL: SELECT * FROM `jxshop_admin` WHERE `id` = 1  [ RunTime:0.0004s ]
SQL: SHOW COLUMNS FROM `jxshop_attribute` [ RunTime:0.0029s ]
SQL: SELECT a.*,(select ga.attr_value  from jxshop_goods_attr ga where ga.attr_id = a.id and ga.goods_id=4) as attr_value FROM jxshop_attribute a WHERE `type_id` = 11  [ RunTime:0.0008s ]

[ 2017-04-02T11:45:01+08:00 ] 127.0.0.1 /index.php/Admin/Goods/get_attr_by_type_edit.html?type_id=11&goods_id=4
INFO: [ app_begin ] --START--
INFO: Run Behavior\ReadHtmlCacheBehavior [ RunTime:0.000513s ]
INFO: [ app_begin ] --END-- [ RunTime:0.000889s ]
SQL: SHOW COLUMNS FROM `jxshop_admin` [ RunTime:0.0026s ]
SQL: SELECT * FROM `jxshop_admin` WHERE `id` = 1  [ RunTime:0.0003s ]
SQL: SHOW COLUMNS FROM `jxshop_attribute` [ RunTime:0.0023s ]
SQL: SELECT a.*,(select ga.attr_value  from jxshop_goods_attr ga where ga.attr_id = a.id and ga.goods_id=4) as attr_value FROM jxshop_attribute a WHERE `type_id` = 11  [ RunTime:0.0005s ]

[ 2017-04-02T11:45:45+08:00 ] 127.0.0.1 /index.php/Admin/Goods/get_attr_by_type_edit.html?type_id=11&goods_id=4
INFO: [ app_begin ] --START--
INFO: Run Behavior\ReadHtmlCacheBehavior [ RunTime:0.000570s ]
INFO: [ app_begin ] --END-- [ RunTime:0.000996s ]
SQL: SHOW COLUMNS FROM `jxshop_admin` [ RunTime:0.0027s ]
SQL: SELECT * FROM `jxshop_admin` WHERE `id` = 1  [ RunTime:0.0003s ]
SQL: SHOW COLUMNS FROM `jxshop_attribute` [ RunTime:0.0030s ]
SQL: SELECT a.*,(select ga.attr_value  from jxshop_goods_attr ga where ga.attr_id = a.id and ga.goods_id=4) as attr_value FROM jxshop_attribute a WHERE `type_id` = 11  [ RunTime:0.0007s ]

[ 2017-04-02T11:46:43+08:00 ] 127.0.0.1 /index.php/Admin/Goods/get_attr_by_type_edit.html?type_id=11&goods_id=4
INFO: [ app_begin ] --START--
INFO: Run Behavior\ReadHtmlCacheBehavior [ RunTime:0.000355s ]
INFO: [ app_begin ] --END-- [ RunTime:0.000647s ]
SQL: SHOW COLUMNS FROM `jxshop_admin` [ RunTime:0.0037s ]
SQL: SELECT * FROM `jxshop_admin` WHERE `id` = 1  [ RunTime:0.0003s ]
SQL: SHOW COLUMNS FROM `jxshop_attribute` [ RunTime:0.0024s ]
SQL: SELECT a.*,(select ga.attr_value  from jxshop_goods_attr ga where ga.attr_id = a.id and ga.goods_id=4) as attr_value FROM jxshop_attribute a WHERE `type_id` = 11  [ RunTime:0.0004s ]

[ 2017-04-02T11:48:45+08:00 ] 127.0.0.1 /index.php/Admin/Goods/get_attr_by_type_edit.html?type_id=11&goods_id=4
INFO: [ app_begin ] --START--
INFO: Run Behavior\ReadHtmlCacheBehavior [ RunTime:0.000377s ]
INFO: [ app_begin ] --END-- [ RunTime:0.000678s ]
SQL: SHOW COLUMNS FROM `jxshop_admin` [ RunTime:0.0023s ]
SQL: SELECT * FROM `jxshop_admin` WHERE `id` = 1  [ RunTime:0.0002s ]
SQL: SHOW COLUMNS FROM `jxshop_attribute` [ RunTime:0.0022s ]
SQL: SELECT a.*,(select ga.attr_value  from jxshop_goods_attr ga where ga.attr_id = a.id and ga.goods_id=4) as attr_value FROM jxshop_attribute a WHERE `type_id` = 11  [ RunTime:0.0003s ]

[ 2017-04-02T11:50:45+08:00 ] 127.0.0.1 /index.php/Admin/Goods/get_attr_by_type_edit.html?type_id=11&goods_id=4
INFO: [ app_begin ] --START--
INFO: Run Behavior\ReadHtmlCacheBehavior [ RunTime:0.000519s ]
INFO: [ app_begin ] --END-- [ RunTime:0.000891s ]
SQL: SHOW COLUMNS FROM `jxshop_admin` [ RunTime:0.0026s ]
SQL: SELECT * FROM `jxshop_admin` WHERE `id` = 1  [ RunTime:0.0003s ]
SQL: SHOW COLUMNS FROM `jxshop_attribute` [ RunTime:0.0025s ]
SQL: SELECT a.*,(select ga.attr_value  from jxshop_goods_attr ga where ga.attr_id = a.id and ga.goods_id=4) as attr_value FROM jxshop_attribute a WHERE `type_id` = 11  [ RunTime:0.0004s ]

[ 2017-04-02T11:51:34+08:00 ] 127.0.0.1 /index.php/Admin/Goods/get_attr_by_type_edit.html?type_id=11&goods_id=4
INFO: [ app_begin ] --START--
INFO: Run Behavior\ReadHtmlCacheBehavior [ RunTime:0.000616s ]
INFO: [ app_begin ] --END-- [ RunTime:0.001016s ]
SQL: SHOW COLUMNS FROM `jxshop_admin` [ RunTime:0.0035s ]
SQL: SELECT * FROM `jxshop_admin` WHERE `id` = 1  [ RunTime:0.0003s ]
SQL: SHOW COLUMNS FROM `jxshop_attribute` [ RunTime:0.0024s ]
SQL: SELECT a.*,(select ga.attr_value  from jxshop_goods_attr ga where ga.attr_id = a.id and ga.goods_id=4) as attr_value FROM jxshop_attribute a WHERE `type_id` = 11  [ RunTime:0.0004s ]

[ 2017-04-02T11:51:44+08:00 ] 127.0.0.1 /index.php/Admin/Goods/get_attr_by_type_edit.html?type_id=11&goods_id=4
INFO: [ app_begin ] --START--
INFO: Run Behavior\ReadHtmlCacheBehavior [ RunTime:0.000533s ]
INFO: [ app_begin ] --END-- [ RunTime:0.000940s ]
SQL: SHOW COLUMNS FROM `jxshop_admin` [ RunTime:0.0042s ]
SQL: SELECT * FROM `jxshop_admin` WHERE `id` = 1  [ RunTime:0.0011s ]
SQL: SHOW COLUMNS FROM `jxshop_attribute` [ RunTime:0.0035s ]
SQL: SELECT a.*,(select ga.attr_value  from jxshop_goods_attr ga where ga.attr_id = a.id and ga.goods_id=4) as attr_value FROM jxshop_attribute a WHERE `type_id` = 11  [ RunTime:0.0009s ]

[ 2017-04-02T11:54:58+08:00 ] 127.0.0.1 /index.php/Admin/Goods/get_attr_by_type_edit.html?type_id=11&goods_id=4
INFO: [ app_begin ] --START--
INFO: Run Behavior\ReadHtmlCacheBehavior [ RunTime:0.001590s ]
INFO: [ app_begin ] --END-- [ RunTime:0.002082s ]
SQL: SHOW COLUMNS FROM `jxshop_admin` [ RunTime:0.0025s ]
SQL: SELECT * FROM `jxshop_admin` WHERE `id` = 1  [ RunTime:0.0003s ]
SQL: SHOW COLUMNS FROM `jxshop_attribute` [ RunTime:0.0035s ]
SQL: SELECT a.*,(select ga.attr_value  from jxshop_goods_attr ga where ga.attr_id = a.id and ga.goods_id=4) as attr_value FROM jxshop_attribute a WHERE `type_id` = 11  [ RunTime:0.0006s ]

[ 2017-04-02T11:56:51+08:00 ] 127.0.0.1 /index.php/Admin/Goods/get_attr_by_type_edit.html?type_id=11&goods_id=4
INFO: [ app_begin ] --START--
INFO: Run Behavior\ReadHtmlCacheBehavior [ RunTime:0.000328s ]
INFO: [ app_begin ] --END-- [ RunTime:0.000596s ]
SQL: SHOW COLUMNS FROM `jxshop_admin` [ RunTime:0.0026s ]
SQL: SELECT * FROM `jxshop_admin` WHERE `id` = 1  [ RunTime:0.0003s ]
SQL: SHOW COLUMNS FROM `jxshop_attribute` [ RunTime:0.0029s ]
SQL: SELECT a.*,(select ga.attr_value  from jxshop_goods_attr ga where ga.attr_id = a.id and ga.goods_id=4) as attr_value FROM jxshop_attribute a WHERE `type_id` = 11  [ RunTime:0.0004s ]

[ 2017-04-02T11:58:38+08:00 ] 127.0.0.1 /index.php/Admin/Goods/get_attr_by_type_edit.html?type_id=11&goods_id=4
INFO: [ app_begin ] --START--
INFO: Run Behavior\ReadHtmlCacheBehavior [ RunTime:0.001838s ]
INFO: [ app_begin ] --END-- [ RunTime:0.002284s ]
SQL: SHOW COLUMNS FROM `jxshop_admin` [ RunTime:0.0027s ]
SQL: SELECT * FROM `jxshop_admin` WHERE `id` = 1  [ RunTime:0.0005s ]
SQL: SHOW COLUMNS FROM `jxshop_attribute` [ RunTime:0.0035s ]
SQL: SELECT a.*,(select ga.attr_value  from jxshop_goods_attr ga where ga.attr_id = a.id and ga.goods_id=4) as attr_value FROM jxshop_attribute a WHERE `type_id` = 11  [ RunTime:0.0006s ]

[ 2017-04-02T12:01:08+08:00 ] 127.0.0.1 /index.php/Admin/Goods/get_attr_by_type.html?type_id=11
INFO: [ app_begin ] --START--
INFO: Run Behavior\ReadHtmlCacheBehavior [ RunTime:0.000324s ]
INFO: [ app_begin ] --END-- [ RunTime:0.000587s ]
SQL: SHOW COLUMNS FROM `jxshop_admin` [ RunTime:0.0028s ]
SQL: SELECT * FROM `jxshop_admin` WHERE `id` = 1  [ RunTime:0.0005s ]
SQL: SHOW COLUMNS FROM `jxshop_attribute` [ RunTime:0.0026s ]
SQL: SELECT * FROM `jxshop_attribute` WHERE `type_id` = 11  [ RunTime:0.0003s ]

[ 2017-04-02T12:02:13+08:00 ] 127.0.0.1 /index.php/Admin/Goods/get_attr_by_type_edit.html?type_id=11&goods_id=24
INFO: [ app_begin ] --START--
INFO: Run Behavior\ReadHtmlCacheBehavior [ RunTime:0.000484s ]
INFO: [ app_begin ] --END-- [ RunTime:0.000854s ]
SQL: SHOW COLUMNS FROM `jxshop_admin` [ RunTime:0.0030s ]
SQL: SELECT * FROM `jxshop_admin` WHERE `id` = 1  [ RunTime:0.0004s ]
SQL: SHOW COLUMNS FROM `jxshop_attribute` [ RunTime:0.0043s ]
SQL: SELECT a.*,(select ga.attr_value  from jxshop_goods_attr ga where ga.attr_id = a.id and ga.goods_id=24) as attr_value FROM jxshop_attribute a WHERE `type_id` = 11  [ RunTime:0.0004s ]

[ 2017-04-02T14:43:41+08:00 ] 127.0.0.1 /index.php/Admin/Goods/get_attr_by_type_edit.html?type_id=11&goods_id=24
INFO: [ app_begin ] --START--
INFO: Run Behavior\ReadHtmlCacheBehavior [ RunTime:0.000336s ]
INFO: [ app_begin ] --END-- [ RunTime:0.000593s ]
SQL: SHOW COLUMNS FROM `jxshop_admin` [ RunTime:0.0025s ]
SQL: SELECT * FROM `jxshop_admin` WHERE `id` = 1  [ RunTime:0.0003s ]
SQL: SHOW COLUMNS FROM `jxshop_attribute` [ RunTime:0.0024s ]
SQL: SELECT a.*,(select ga.attr_value  from jxshop_goods_attr ga where ga.attr_id = a.id and ga.goods_id=24) as attr_value FROM jxshop_attribute a WHERE `type_id` = 11  [ RunTime:0.0005s ]

[ 2017-04-02T14:48:18+08:00 ] 127.0.0.1 /index.php/Admin/Goods/get_attr_by_type_edit.html?type_id=11&goods_id=24
INFO: [ app_begin ] --START--
INFO: Run Behavior\ReadHtmlCacheBehavior [ RunTime:0.000517s ]
INFO: [ app_begin ] --END-- [ RunTime:0.001091s ]
SQL: SHOW COLUMNS FROM `jxshop_admin` [ RunTime:0.0027s ]
SQL: SELECT * FROM `jxshop_admin` WHERE `id` = 1  [ RunTime:0.0005s ]
SQL: SHOW COLUMNS FROM `jxshop_attribute` [ RunTime:0.0035s ]
SQL: SELECT a.*,(select ga.attr_value  from jxshop_goods_attr ga where ga.attr_id = a.id and ga.goods_id=24) as attr_value FROM jxshop_attribute a WHERE `type_id` = 11  [ RunTime:0.0004s ]

[ 2017-04-02T14:48:35+08:00 ] 127.0.0.1 /index.php/Admin/Goods/get_attr_by_type_edit.html?type_id=12&goods_id=24
INFO: [ app_begin ] --START--
INFO: Run Behavior\ReadHtmlCacheBehavior [ RunTime:0.000700s ]
INFO: [ app_begin ] --END-- [ RunTime:0.001248s ]
SQL: SHOW COLUMNS FROM `jxshop_admin` [ RunTime:0.0027s ]
SQL: SELECT * FROM `jxshop_admin` WHERE `id` = 1  [ RunTime:0.0003s ]
SQL: SHOW COLUMNS FROM `jxshop_attribute` [ RunTime:0.0029s ]
SQL: SELECT a.*,(select ga.attr_value  from jxshop_goods_attr ga where ga.attr_id = a.id and ga.goods_id=24) as attr_value FROM jxshop_attribute a WHERE `type_id` = 12  [ RunTime:0.0004s ]

[ 2017-04-02T14:48:37+08:00 ] 127.0.0.1 /index.php/Admin/Goods/get_attr_by_type_edit.html?type_id=11&goods_id=24
INFO: [ app_begin ] --START--
INFO: Run Behavior\ReadHtmlCacheBehavior [ RunTime:0.000516s ]
INFO: [ app_begin ] --END-- [ RunTime:0.000926s ]
SQL: SHOW COLUMNS FROM `jxshop_admin` [ RunTime:0.0024s ]
SQL: SELECT * FROM `jxshop_admin` WHERE `id` = 1  [ RunTime:0.0003s ]
SQL: SHOW COLUMNS FROM `jxshop_attribute` [ RunTime:0.0025s ]
SQL: SELECT a.*,(select ga.attr_value  from jxshop_goods_attr ga where ga.attr_id = a.id and ga.goods_id=24) as attr_value FROM jxshop_attribute a WHERE `type_id` = 11  [ RunTime:0.0004s ]

[ 2017-04-02T14:48:53+08:00 ] 127.0.0.1 /index.php/Admin/Goods/get_attr_by_type_edit.html?type_id=12&goods_id=24
INFO: [ app_begin ] --START--
INFO: Run Behavior\ReadHtmlCacheBehavior [ RunTime:0.000743s ]
INFO: [ app_begin ] --END-- [ RunTime:0.001154s ]
SQL: SHOW COLUMNS FROM `jxshop_admin` [ RunTime:0.0026s ]
SQL: SELECT * FROM `jxshop_admin` WHERE `id` = 1  [ RunTime:0.0003s ]
SQL: SHOW COLUMNS FROM `jxshop_attribute` [ RunTime:0.0024s ]
SQL: SELECT a.*,(select ga.attr_value  from jxshop_goods_attr ga where ga.attr_id = a.id and ga.goods_id=24) as attr_value FROM jxshop_attribute a WHERE `type_id` = 12  [ RunTime:0.0005s ]

[ 2017-04-02T14:48:55+08:00 ] 127.0.0.1 /index.php/Admin/Goods/get_attr_by_type_edit.html?type_id=11&goods_id=24
INFO: [ app_begin ] --START--
INFO: Run Behavior\ReadHtmlCacheBehavior [ RunTime:0.000759s ]
INFO: [ app_begin ] --END-- [ RunTime:0.001164s ]
SQL: SHOW COLUMNS FROM `jxshop_admin` [ RunTime:0.0026s ]
SQL: SELECT * FROM `jxshop_admin` WHERE `id` = 1  [ RunTime:0.0003s ]
SQL: SHOW COLUMNS FROM `jxshop_attribute` [ RunTime:0.0025s ]
SQL: SELECT a.*,(select ga.attr_value  from jxshop_goods_attr ga where ga.attr_id = a.id and ga.goods_id=24) as attr_value FROM jxshop_attribute a WHERE `type_id` = 11  [ RunTime:0.0004s ]

[ 2017-04-02T14:49:39+08:00 ] 127.0.0.1 /index.php/Admin/Goods/get_attr_by_type_edit.html?type_id=12&goods_id=24
INFO: [ app_begin ] --START--
INFO: Run Behavior\ReadHtmlCacheBehavior [ RunTime:0.000326s ]
INFO: [ app_begin ] --END-- [ RunTime:0.000584s ]
SQL: SHOW COLUMNS FROM `jxshop_admin` [ RunTime:0.0027s ]
SQL: SELECT * FROM `jxshop_admin` WHERE `id` = 1  [ RunTime:0.0003s ]
SQL: SHOW COLUMNS FROM `jxshop_attribute` [ RunTime:0.0024s ]
SQL: SELECT a.*,(select ga.attr_value  from jxshop_goods_attr ga where ga.attr_id = a.id and ga.goods_id=24) as attr_value FROM jxshop_attribute a WHERE `type_id` = 12  [ RunTime:0.0004s ]

[ 2017-04-02T14:49:41+08:00 ] 127.0.0.1 /index.php/Admin/Goods/get_attr_by_type_edit.html?type_id=11&goods_id=24
INFO: [ app_begin ] --START--
INFO: Run Behavior\ReadHtmlCacheBehavior [ RunTime:0.000526s ]
INFO: [ app_begin ] --END-- [ RunTime:0.000936s ]
SQL: SHOW COLUMNS FROM `jxshop_admin` [ RunTime:0.0047s ]
SQL: SELECT * FROM `jxshop_admin` WHERE `id` = 1  [ RunTime:0.0003s ]
SQL: SHOW COLUMNS FROM `jxshop_attribute` [ RunTime:0.0030s ]
SQL: SELECT a.*,(select ga.attr_value  from jxshop_goods_attr ga where ga.attr_id = a.id and ga.goods_id=24) as attr_value FROM jxshop_attribute a WHERE `type_id` = 11  [ RunTime:0.0004s ]

[ 2017-04-02T14:51:28+08:00 ] 127.0.0.1 /index.php/Admin/Goods/get_attr_by_type_edit.html?type_id=11&goods_id=24
INFO: [ app_begin ] --START--
INFO: Run Behavior\ReadHtmlCacheBehavior [ RunTime:0.000522s ]
INFO: [ app_begin ] --END-- [ RunTime:0.000901s ]
SQL: SHOW COLUMNS FROM `jxshop_admin` [ RunTime:0.0028s ]
SQL: SELECT * FROM `jxshop_admin` WHERE `id` = 1  [ RunTime:0.0003s ]
SQL: SHOW COLUMNS FROM `jxshop_attribute` [ RunTime:0.0024s ]
SQL: SELECT a.*,(select ga.attr_value  from jxshop_goods_attr ga where ga.attr_id = a.id and ga.goods_id=24) as attr_value FROM jxshop_attribute a WHERE `type_id` = 11  [ RunTime:0.0004s ]

[ 2017-04-02T14:52:18+08:00 ] 127.0.0.1 /index.php/Admin/Goods/get_attr_by_type_edit.html?type_id=11&goods_id=24
INFO: [ app_begin ] --START--
INFO: Run Behavior\ReadHtmlCacheBehavior [ RunTime:0.000554s ]
INFO: [ app_begin ] --END-- [ RunTime:0.001024s ]
SQL: SHOW COLUMNS FROM `jxshop_admin` [ RunTime:0.0025s ]
SQL: SELECT * FROM `jxshop_admin` WHERE `id` = 1  [ RunTime:0.0003s ]
SQL: SHOW COLUMNS FROM `jxshop_attribute` [ RunTime:0.0030s ]
SQL: SELECT a.*,(select ga.attr_value  from jxshop_goods_attr ga where ga.attr_id = a.id and ga.goods_id=24) as attr_value FROM jxshop_attribute a WHERE `type_id` = 11  [ RunTime:0.0004s ]

[ 2017-04-02T14:55:36+08:00 ] 127.0.0.1 /index.php/Admin/Goods/get_attr_by_type_edit.html?type_id=11&goods_id=24
INFO: [ app_begin ] --START--
INFO: Run Behavior\ReadHtmlCacheBehavior [ RunTime:0.000502s ]
INFO: [ app_begin ] --END-- [ RunTime:0.000971s ]
SQL: SHOW COLUMNS FROM `jxshop_admin` [ RunTime:0.0031s ]
SQL: SELECT * FROM `jxshop_admin` WHERE `id` = 1  [ RunTime:0.0004s ]
SQL: SHOW COLUMNS FROM `jxshop_attribute` [ RunTime:0.0026s ]
SQL: SELECT a.*,(select ga.attr_value  from jxshop_goods_attr ga where ga.attr_id = a.id and ga.goods_id=24) as attr_value FROM jxshop_attribute a WHERE `type_id` = 11  [ RunTime:0.0004s ]

[ 2017-04-02T14:55:50+08:00 ] 127.0.0.1 /index.php/Admin/Goods/get_attr_by_type_edit.html?type_id=12&goods_id=24
INFO: [ app_begin ] --START--
INFO: Run Behavior\ReadHtmlCacheBehavior [ RunTime:0.000332s ]
INFO: [ app_begin ] --END-- [ RunTime:0.000561s ]
SQL: SHOW COLUMNS FROM `jxshop_admin` [ RunTime:0.0027s ]
SQL: SELECT * FROM `jxshop_admin` WHERE `id` = 1  [ RunTime:0.0003s ]
SQL: SHOW COLUMNS FROM `jxshop_attribute` [ RunTime:0.0024s ]
SQL: SELECT a.*,(select ga.attr_value  from jxshop_goods_attr ga where ga.attr_id = a.id and ga.goods_id=24) as attr_value FROM jxshop_attribute a WHERE `type_id` = 12  [ RunTime:0.0004s ]

[ 2017-04-02T14:55:51+08:00 ] 127.0.0.1 /index.php/Admin/Goods/get_attr_by_type_edit.html?type_id=11&goods_id=24
INFO: [ app_begin ] --START--
INFO: Run Behavior\ReadHtmlCacheBehavior [ RunTime:0.000338s ]
INFO: [ app_begin ] --END-- [ RunTime:0.000572s ]
SQL: SHOW COLUMNS FROM `jxshop_admin` [ RunTime:0.0024s ]
SQL: SELECT * FROM `jxshop_admin` WHERE `id` = 1  [ RunTime:0.0003s ]
SQL: SHOW COLUMNS FROM `jxshop_attribute` [ RunTime:0.0024s ]
SQL: SELECT a.*,(select ga.attr_value  from jxshop_goods_attr ga where ga.attr_id = a.id and ga.goods_id=24) as attr_value FROM jxshop_attribute a WHERE `type_id` = 11  [ RunTime:0.0004s ]

[ 2017-04-02T14:55:54+08:00 ] 127.0.0.1 /index.php/Admin/Goods/get_attr_by_type_edit.html?type_id=12&goods_id=24
INFO: [ app_begin ] --START--
INFO: Run Behavior\ReadHtmlCacheBehavior [ RunTime:0.000658s ]
INFO: [ app_begin ] --END-- [ RunTime:0.001123s ]
SQL: SHOW COLUMNS FROM `jxshop_admin` [ RunTime:0.0033s ]
SQL: SELECT * FROM `jxshop_admin` WHERE `id` = 1  [ RunTime:0.0003s ]
SQL: SHOW COLUMNS FROM `jxshop_attribute` [ RunTime:0.0027s ]
SQL: SELECT a.*,(select ga.attr_value  from jxshop_goods_attr ga where ga.attr_id = a.id and ga.goods_id=24) as attr_value FROM jxshop_attribute a WHERE `type_id` = 12  [ RunTime:0.0004s ]

[ 2017-04-02T14:55:57+08:00 ] 127.0.0.1 /index.php/Admin/Goods/get_attr_by_type_edit.html?type_id=11&goods_id=24
INFO: [ app_begin ] --START--
INFO: Run Behavior\ReadHtmlCacheBehavior [ RunTime:0.000558s ]
INFO: [ app_begin ] --END-- [ RunTime:0.001012s ]
SQL: SHOW COLUMNS FROM `jxshop_admin` [ RunTime:0.0026s ]
SQL: SELECT * FROM `jxshop_admin` WHERE `id` = 1  [ RunTime:0.0003s ]
SQL: SHOW COLUMNS FROM `jxshop_attribute` [ RunTime:0.0029s ]
SQL: SELECT a.*,(select ga.attr_value  from jxshop_goods_attr ga where ga.attr_id = a.id and ga.goods_id=24) as attr_value FROM jxshop_attribute a WHERE `type_id` = 11  [ RunTime:0.0004s ]

[ 2017-04-02T15:00:46+08:00 ] 127.0.0.1 /index.php/Admin/Goods/get_attr_by_type_edit.html?type_id=11&goods_id=24
INFO: [ app_begin ] --START--
INFO: Run Behavior\ReadHtmlCacheBehavior [ RunTime:0.000515s ]
INFO: [ app_begin ] --END-- [ RunTime:0.000900s ]
SQL: SHOW COLUMNS FROM `jxshop_admin` [ RunTime:0.0025s ]
SQL: SELECT * FROM `jxshop_admin` WHERE `id` = 1  [ RunTime:0.0003s ]
SQL: SHOW COLUMNS FROM `jxshop_attribute` [ RunTime:0.0023s ]
SQL: SELECT a.*,(select ga.attr_value  from jxshop_goods_attr ga where ga.attr_id = a.id and ga.goods_id=24) as attr_value FROM jxshop_attribute a WHERE `type_id` = 11  [ RunTime:0.0003s ]

[ 2017-04-02T15:01:59+08:00 ] 127.0.0.1 /index.php/Admin/Goods/get_attr_by_type_edit.html?type_id=12&goods_id=24
INFO: [ app_begin ] --START--
INFO: Run Behavior\ReadHtmlCacheBehavior [ RunTime:0.000335s ]
INFO: [ app_begin ] --END-- [ RunTime:0.000595s ]
SQL: SHOW COLUMNS FROM `jxshop_admin` [ RunTime:0.0026s ]
SQL: SELECT * FROM `jxshop_admin` WHERE `id` = 1  [ RunTime:0.0003s ]
SQL: SHOW COLUMNS FROM `jxshop_attribute` [ RunTime:0.0024s ]
SQL: SELECT a.*,(select ga.attr_value  from jxshop_goods_attr ga where ga.attr_id = a.id and ga.goods_id=24) as attr_value FROM jxshop_attribute a WHERE `type_id` = 12  [ RunTime:0.0004s ]

[ 2017-04-02T15:02:12+08:00 ] 127.0.0.1 /index.php/Admin/Goods/get_attr_by_type_edit.html?type_id=14&goods_id=24
INFO: [ app_begin ] --START--
INFO: Run Behavior\ReadHtmlCacheBehavior [ RunTime:0.000330s ]
INFO: [ app_begin ] --END-- [ RunTime:0.000591s ]
SQL: SHOW COLUMNS FROM `jxshop_admin` [ RunTime:0.0024s ]
SQL: SELECT * FROM `jxshop_admin` WHERE `id` = 1  [ RunTime:0.0003s ]
SQL: SHOW COLUMNS FROM `jxshop_attribute` [ RunTime:0.0024s ]
SQL: SELECT a.*,(select ga.attr_value  from jxshop_goods_attr ga where ga.attr_id = a.id and ga.goods_id=24) as attr_value FROM jxshop_attribute a WHERE `type_id` = 14  [ RunTime:0.0003s ]

[ 2017-04-02T15:02:21+08:00 ] 127.0.0.1 /index.php/Admin/Goods/get_attr_by_type_edit.html?type_id=11&goods_id=24
INFO: [ app_begin ] --START--
INFO: Run Behavior\ReadHtmlCacheBehavior [ RunTime:0.000526s ]
INFO: [ app_begin ] --END-- [ RunTime:0.000951s ]
SQL: SHOW COLUMNS FROM `jxshop_admin` [ RunTime:0.0025s ]
SQL: SELECT * FROM `jxshop_admin` WHERE `id` = 1  [ RunTime:0.0003s ]
SQL: SHOW COLUMNS FROM `jxshop_attribute` [ RunTime:0.0021s ]
SQL: SELECT a.*,(select ga.attr_value  from jxshop_goods_attr ga where ga.attr_id = a.id and ga.goods_id=24) as attr_value FROM jxshop_attribute a WHERE `type_id` = 11  [ RunTime:0.0003s ]

[ 2017-04-02T15:02:42+08:00 ] 127.0.0.1 /index.php/Admin/Goods/get_attr_by_type_edit.html?type_id=12&goods_id=24
INFO: [ app_begin ] --START--
INFO: Run Behavior\ReadHtmlCacheBehavior [ RunTime:0.000522s ]
INFO: [ app_begin ] --END-- [ RunTime:0.001114s ]
SQL: SHOW COLUMNS FROM `jxshop_admin` [ RunTime:0.0023s ]
SQL: SELECT * FROM `jxshop_admin` WHERE `id` = 1  [ RunTime:0.0003s ]
SQL: SHOW COLUMNS FROM `jxshop_attribute` [ RunTime:0.0027s ]
SQL: SELECT a.*,(select ga.attr_value  from jxshop_goods_attr ga where ga.attr_id = a.id and ga.goods_id=24) as attr_value FROM jxshop_attribute a WHERE `type_id` = 12  [ RunTime:0.0004s ]

[ 2017-04-02T15:02:48+08:00 ] 127.0.0.1 /index.php/Admin/Goods/get_attr_by_type_edit.html?type_id=11&goods_id=24
INFO: [ app_begin ] --START--
INFO: Run Behavior\ReadHtmlCacheBehavior [ RunTime:0.000679s ]
INFO: [ app_begin ] --END-- [ RunTime:0.001520s ]
SQL: SHOW COLUMNS FROM `jxshop_admin` [ RunTime:0.0026s ]
SQL: SELECT * FROM `jxshop_admin` WHERE `id` = 1  [ RunTime:0.0003s ]
SQL: SHOW COLUMNS FROM `jxshop_attribute` [ RunTime:0.0024s ]
SQL: SELECT a.*,(select ga.attr_value  from jxshop_goods_attr ga where ga.attr_id = a.id and ga.goods_id=24) as attr_value FROM jxshop_attribute a WHERE `type_id` = 11  [ RunTime:0.0004s ]

[ 2017-04-02T15:28:59+08:00 ] 127.0.0.1 /index.php/Admin/Goods/goods_del/id/24
INFO: [ app_begin ] --START--
INFO: Run Behavior\ReadHtmlCacheBehavior [ RunTime:0.000383s ]
INFO: [ app_begin ] --END-- [ RunTime:0.000682s ]
SQL: SHOW COLUMNS FROM `jxshop_admin` [ RunTime:0.0025s ]
SQL: SELECT * FROM `jxshop_admin` WHERE `id` = 1  [ RunTime:0.0003s ]
NOTIC: [2] Declaration of Admin\Model\GoodsModel::_after_insert($data) should be compatible with Think\Model::_after_insert($data, $options) E:\phpStorm\jxshop\Application\Admin\Model\GoodsModel.class.php  224 .
SQL: SHOW COLUMNS FROM `jxshop_goods` [ RunTime:0.0024s ]
SQL: SHOW COLUMNS FROM `jxshop_goods` [ RunTime:0.0023s ]
SQL: SELECT `logo`,`sm_logo`,`mid_logo` FROM `jxshop_goods` WHERE `id` = 24 LIMIT 1   [ RunTime:0.0002s ]
SQL: SHOW COLUMNS FROM `jxshop_goods_pic` [ RunTime:0.0028s ]
SQL: SELECT * FROM `jxshop_goods_pic` WHERE `goods_id` = 24  [ RunTime:0.0003s ]
SQL: DELETE FROM `jxshop_goods_pic` WHERE `goods_id` = 24 [ RunTime:0.0183s ]
SQL: SHOW COLUMNS FROM `jxshop_goods_attr` [ RunTime:0.0025s ]
SQL: DELETE FROM `jxshop_goods_attr` WHERE `goods_id` = 24 [ RunTime:0.0573s ]
SQL: DELETE FROM `jxshop_goods` WHERE `id` = 24 [ RunTime:0.0328s ]
INFO: [ app_end ] --START--
INFO: Run Behavior\ShowPageTraceBehavior [ RunTime:0.001118s ]
INFO: [ app_end ] --END-- [ RunTime:0.001248s ]

[ 2017-04-02T15:29:33+08:00 ] 127.0.0.1 /index.php/Admin/Goods/get_attr_by_type_edit.html?type_id=11&goods_id=4
INFO: [ app_begin ] --START--
INFO: Run Behavior\ReadHtmlCacheBehavior [ RunTime:0.000415s ]
INFO: [ app_begin ] --END-- [ RunTime:0.000685s ]
SQL: SHOW COLUMNS FROM `jxshop_admin` [ RunTime:0.0028s ]
SQL: SELECT * FROM `jxshop_admin` WHERE `id` = 1  [ RunTime:0.0004s ]
SQL: SHOW COLUMNS FROM `jxshop_attribute` [ RunTime:0.0050s ]
SQL: SELECT a.*,(select ga.attr_value  from jxshop_goods_attr ga where ga.attr_id = a.id and ga.goods_id=4) as attr_value FROM jxshop_attribute a WHERE `type_id` = 11  [ RunTime:0.0009s ]

[ 2017-04-02T15:29:38+08:00 ] 127.0.0.1 /index.php/Admin/Goods/get_attr_by_type_edit.html?type_id=12&goods_id=4
INFO: [ app_begin ] --START--
INFO: Run Behavior\ReadHtmlCacheBehavior [ RunTime:0.000468s ]
INFO: [ app_begin ] --END-- [ RunTime:0.001021s ]
SQL: SHOW COLUMNS FROM `jxshop_admin` [ RunTime:0.0031s ]
SQL: SELECT * FROM `jxshop_admin` WHERE `id` = 1  [ RunTime:0.0003s ]
SQL: SHOW COLUMNS FROM `jxshop_attribute` [ RunTime:0.0024s ]
SQL: SELECT a.*,(select ga.attr_value  from jxshop_goods_attr ga where ga.attr_id = a.id and ga.goods_id=4) as attr_value FROM jxshop_attribute a WHERE `type_id` = 12  [ RunTime:0.0004s ]

[ 2017-04-02T15:37:39+08:00 ] 127.0.0.1 /index.php/Admin/Goods/get_attr_by_type_edit.html?type_id=11&goods_id=4
INFO: [ app_begin ] --START--
INFO: Run Behavior\ReadHtmlCacheBehavior [ RunTime:0.000323s ]
INFO: [ app_begin ] --END-- [ RunTime:0.000616s ]
SQL: SHOW COLUMNS FROM `jxshop_admin` [ RunTime:0.0025s ]
SQL: SELECT * FROM `jxshop_admin` WHERE `id` = 1  [ RunTime:0.0003s ]
SQL: SHOW COLUMNS FROM `jxshop_attribute` [ RunTime:0.0025s ]
SQL: SELECT a.*,(select ga.attr_value  from jxshop_goods_attr ga where ga.attr_id = a.id and ga.goods_id=4) as attr_value FROM jxshop_attribute a WHERE `type_id` = 11  [ RunTime:0.0004s ]

[ 2017-04-02T15:37:45+08:00 ] 127.0.0.1 /index.php/Admin/Goods/get_attr_by_type_edit.html?type_id=12&goods_id=4
INFO: [ app_begin ] --START--
INFO: Run Behavior\ReadHtmlCacheBehavior [ RunTime:0.000849s ]
INFO: [ app_begin ] --END-- [ RunTime:0.001181s ]
SQL: SHOW COLUMNS FROM `jxshop_admin` [ RunTime:0.0028s ]
SQL: SELECT * FROM `jxshop_admin` WHERE `id` = 1  [ RunTime:0.0003s ]
SQL: SHOW COLUMNS FROM `jxshop_attribute` [ RunTime:0.0025s ]
SQL: SELECT a.*,(select ga.attr_value  from jxshop_goods_attr ga where ga.attr_id = a.id and ga.goods_id=4) as attr_value FROM jxshop_attribute a WHERE `type_id` = 12  [ RunTime:0.0004s ]

[ 2017-04-02T15:38:32+08:00 ] 127.0.0.1 /index.php/Admin/Goods/get_attr_by_type_edit.html?type_id=11&goods_id=4
INFO: [ app_begin ] --START--
INFO: Run Behavior\ReadHtmlCacheBehavior [ RunTime:0.000519s ]
INFO: [ app_begin ] --END-- [ RunTime:0.000957s ]
SQL: SHOW COLUMNS FROM `jxshop_admin` [ RunTime:0.0026s ]
SQL: SELECT * FROM `jxshop_admin` WHERE `id` = 1  [ RunTime:0.0003s ]
SQL: SHOW COLUMNS FROM `jxshop_attribute` [ RunTime:0.0024s ]
SQL: SELECT a.*,(select ga.attr_value  from jxshop_goods_attr ga where ga.attr_id = a.id and ga.goods_id=4) as attr_value FROM jxshop_attribute a WHERE `type_id` = 11  [ RunTime:0.0003s ]

[ 2017-04-02T15:38:35+08:00 ] 127.0.0.1 /index.php/Admin/Goods/get_attr_by_type_edit.html?type_id=12&goods_id=4
INFO: [ app_begin ] --START--
INFO: Run Behavior\ReadHtmlCacheBehavior [ RunTime:0.000555s ]
INFO: [ app_begin ] --END-- [ RunTime:0.001008s ]
SQL: SHOW COLUMNS FROM `jxshop_admin` [ RunTime:0.0023s ]
SQL: SELECT * FROM `jxshop_admin` WHERE `id` = 1  [ RunTime:0.0003s ]
SQL: SHOW COLUMNS FROM `jxshop_attribute` [ RunTime:0.0023s ]
SQL: SELECT a.*,(select ga.attr_value  from jxshop_goods_attr ga where ga.attr_id = a.id and ga.goods_id=4) as attr_value FROM jxshop_attribute a WHERE `type_id` = 12  [ RunTime:0.0004s ]

[ 2017-04-02T15:40:35+08:00 ] 127.0.0.1 /index.php/Admin/Goods/get_attr_by_type_edit.html?type_id=11&goods_id=4
INFO: [ app_begin ] --START--
INFO: Run Behavior\ReadHtmlCacheBehavior [ RunTime:0.000336s ]
INFO: [ app_begin ] --END-- [ RunTime:0.000607s ]
SQL: SHOW COLUMNS FROM `jxshop_admin` [ RunTime:0.0024s ]
SQL: SELECT * FROM `jxshop_admin` WHERE `id` = 1  [ RunTime:0.0003s ]
SQL: SHOW COLUMNS FROM `jxshop_attribute` [ RunTime:0.0030s ]
SQL: SELECT a.*,(select ga.attr_value  from jxshop_goods_attr ga where ga.attr_id = a.id and ga.goods_id=4) as attr_value FROM jxshop_attribute a WHERE `type_id` = 11  [ RunTime:0.0004s ]

[ 2017-04-02T15:40:58+08:00 ] 127.0.0.1 /index.php/Admin/Goods/get_attr_by_type_edit.html?type_id=12&goods_id=4
INFO: [ app_begin ] --START--
INFO: Run Behavior\ReadHtmlCacheBehavior [ RunTime:0.002138s ]
INFO: [ app_begin ] --END-- [ RunTime:0.002547s ]
SQL: SHOW COLUMNS FROM `jxshop_admin` [ RunTime:0.0046s ]
SQL: SELECT * FROM `jxshop_admin` WHERE `id` = 1  [ RunTime:0.0003s ]
SQL: SHOW COLUMNS FROM `jxshop_attribute` [ RunTime:0.0029s ]
SQL: SELECT a.*,(select ga.attr_value  from jxshop_goods_attr ga where ga.attr_id = a.id and ga.goods_id=4) as attr_value FROM jxshop_attribute a WHERE `type_id` = 12  [ RunTime:0.0005s ]

[ 2017-04-02T15:42:25+08:00 ] 127.0.0.1 /index.php/Admin/Goods/get_attr_by_type_edit.html?type_id=11&goods_id=4
INFO: [ app_begin ] --START--
INFO: Run Behavior\ReadHtmlCacheBehavior [ RunTime:0.000517s ]
INFO: [ app_begin ] --END-- [ RunTime:0.000907s ]
SQL: SHOW COLUMNS FROM `jxshop_admin` [ RunTime:0.0030s ]
SQL: SELECT * FROM `jxshop_admin` WHERE `id` = 1  [ RunTime:0.0003s ]
SQL: SHOW COLUMNS FROM `jxshop_attribute` [ RunTime:0.0023s ]
SQL: SELECT a.*,(select ga.attr_value  from jxshop_goods_attr ga where ga.attr_id = a.id and ga.goods_id=4) as attr_value FROM jxshop_attribute a WHERE `type_id` = 11  [ RunTime:0.0013s ]

[ 2017-04-02T15:42:33+08:00 ] 127.0.0.1 /index.php/Admin/Goods/get_attr_by_type_edit.html?type_id=12&goods_id=4
INFO: [ app_begin ] --START--
INFO: Run Behavior\ReadHtmlCacheBehavior [ RunTime:0.000343s ]
INFO: [ app_begin ] --END-- [ RunTime:0.000626s ]
SQL: SHOW COLUMNS FROM `jxshop_admin` [ RunTime:0.0024s ]
SQL: SELECT * FROM `jxshop_admin` WHERE `id` = 1  [ RunTime:0.0003s ]
SQL: SHOW COLUMNS FROM `jxshop_attribute` [ RunTime:0.0024s ]
SQL: SELECT a.*,(select ga.attr_value  from jxshop_goods_attr ga where ga.attr_id = a.id and ga.goods_id=4) as attr_value FROM jxshop_attribute a WHERE `type_id` = 12  [ RunTime:0.0004s ]

[ 2017-04-02T15:42:38+08:00 ] 127.0.0.1 /index.php/Admin/Goods/get_attr_by_type_edit.html?type_id=11&goods_id=4
INFO: [ app_begin ] --START--
INFO: Run Behavior\ReadHtmlCacheBehavior [ RunTime:0.000509s ]
INFO: [ app_begin ] --END-- [ RunTime:0.000903s ]
SQL: SHOW COLUMNS FROM `jxshop_admin` [ RunTime:0.0026s ]
SQL: SELECT * FROM `jxshop_admin` WHERE `id` = 1  [ RunTime:0.0003s ]
SQL: SHOW COLUMNS FROM `jxshop_attribute` [ RunTime:0.0025s ]
SQL: SELECT a.*,(select ga.attr_value  from jxshop_goods_attr ga where ga.attr_id = a.id and ga.goods_id=4) as attr_value FROM jxshop_attribute a WHERE `type_id` = 11  [ RunTime:0.0003s ]

[ 2017-04-02T15:42:51+08:00 ] 127.0.0.1 /index.php/Admin/Goods/get_attr_by_type_edit.html?type_id=12&goods_id=4
INFO: [ app_begin ] --START--
INFO: Run Behavior\ReadHtmlCacheBehavior [ RunTime:0.000466s ]
INFO: [ app_begin ] --END-- [ RunTime:0.000748s ]
SQL: SHOW COLUMNS FROM `jxshop_admin` [ RunTime:0.0025s ]
SQL: SELECT * FROM `jxshop_admin` WHERE `id` = 1  [ RunTime:0.0003s ]
SQL: SHOW COLUMNS FROM `jxshop_attribute` [ RunTime:0.0023s ]
SQL: SELECT a.*,(select ga.attr_value  from jxshop_goods_attr ga where ga.attr_id = a.id and ga.goods_id=4) as attr_value FROM jxshop_attribute a WHERE `type_id` = 12  [ RunTime:0.0003s ]

[ 2017-04-02T15:42:54+08:00 ] 127.0.0.1 /index.php/Admin/Goods/get_attr_by_type_edit.html?type_id=11&goods_id=4
INFO: [ app_begin ] --START--
INFO: Run Behavior\ReadHtmlCacheBehavior [ RunTime:0.000418s ]
INFO: [ app_begin ] --END-- [ RunTime:0.000770s ]
SQL: SHOW COLUMNS FROM `jxshop_admin` [ RunTime:0.0023s ]
SQL: SELECT * FROM `jxshop_admin` WHERE `id` = 1  [ RunTime:0.0003s ]
SQL: SHOW COLUMNS FROM `jxshop_attribute` [ RunTime:0.0023s ]
SQL: SELECT a.*,(select ga.attr_value  from jxshop_goods_attr ga where ga.attr_id = a.id and ga.goods_id=4) as attr_value FROM jxshop_attribute a WHERE `type_id` = 11  [ RunTime:0.0003s ]

[ 2017-04-02T15:43:05+08:00 ] 127.0.0.1 /index.php/Admin/Goods/get_attr_by_type_edit.html?type_id=12&goods_id=4
INFO: [ app_begin ] --START--
INFO: Run Behavior\ReadHtmlCacheBehavior [ RunTime:0.000764s ]
INFO: [ app_begin ] --END-- [ RunTime:0.001528s ]
SQL: SHOW COLUMNS FROM `jxshop_admin` [ RunTime:0.0027s ]
SQL: SELECT * FROM `jxshop_admin` WHERE `id` = 1  [ RunTime:0.0003s ]
SQL: SHOW COLUMNS FROM `jxshop_attribute` [ RunTime:0.0025s ]
SQL: SELECT a.*,(select ga.attr_value  from jxshop_goods_attr ga where ga.attr_id = a.id and ga.goods_id=4) as attr_value FROM jxshop_attribute a WHERE `type_id` = 12  [ RunTime:0.0004s ]

[ 2017-04-02T15:44:02+08:00 ] 127.0.0.1 /index.php/Admin/Goods/get_attr_by_type_edit.html?type_id=11&goods_id=4
INFO: [ app_begin ] --START--
INFO: Run Behavior\ReadHtmlCacheBehavior [ RunTime:0.000485s ]
INFO: [ app_begin ] --END-- [ RunTime:0.000865s ]
SQL: SHOW COLUMNS FROM `jxshop_admin` [ RunTime:0.0025s ]
SQL: SELECT * FROM `jxshop_admin` WHERE `id` = 1  [ RunTime:0.0003s ]
SQL: SHOW COLUMNS FROM `jxshop_attribute` [ RunTime:0.0029s ]
SQL: SELECT a.*,(select ga.attr_value  from jxshop_goods_attr ga where ga.attr_id = a.id and ga.goods_id=4) as attr_value FROM jxshop_attribute a WHERE `type_id` = 11  [ RunTime:0.0004s ]

[ 2017-04-02T15:44:09+08:00 ] 127.0.0.1 /index.php/Admin/Goods/get_attr_by_type_edit.html?type_id=12&goods_id=4
INFO: [ app_begin ] --START--
INFO: Run Behavior\ReadHtmlCacheBehavior [ RunTime:0.000493s ]
INFO: [ app_begin ] --END-- [ RunTime:0.000863s ]
SQL: SHOW COLUMNS FROM `jxshop_admin` [ RunTime:0.0028s ]
SQL: SELECT * FROM `jxshop_admin` WHERE `id` = 1  [ RunTime:0.0003s ]
SQL: SHOW COLUMNS FROM `jxshop_attribute` [ RunTime:0.0024s ]
SQL: SELECT a.*,(select ga.attr_value  from jxshop_goods_attr ga where ga.attr_id = a.id and ga.goods_id=4) as attr_value FROM jxshop_attribute a WHERE `type_id` = 12  [ RunTime:0.0004s ]

[ 2017-04-02T15:44:14+08:00 ] 127.0.0.1 /index.php/Admin/Goods/get_attr_by_type_edit.html?type_id=11&goods_id=4
INFO: [ app_begin ] --START--
INFO: Run Behavior\ReadHtmlCacheBehavior [ RunTime:0.000902s ]
INFO: [ app_begin ] --END-- [ RunTime:0.001245s ]
SQL: SHOW COLUMNS FROM `jxshop_admin` [ RunTime:0.0022s ]
SQL: SELECT * FROM `jxshop_admin` WHERE `id` = 1  [ RunTime:0.0003s ]
SQL: SHOW COLUMNS FROM `jxshop_attribute` [ RunTime:0.0023s ]
SQL: SELECT a.*,(select ga.attr_value  from jxshop_goods_attr ga where ga.attr_id = a.id and ga.goods_id=4) as attr_value FROM jxshop_attribute a WHERE `type_id` = 11  [ RunTime:0.0003s ]

[ 2017-04-02T15:44:21+08:00 ] 127.0.0.1 /index.php/Admin/Goods/get_attr_by_type_edit.html?type_id=12&goods_id=4
INFO: [ app_begin ] --START--
INFO: Run Behavior\ReadHtmlCacheBehavior [ RunTime:0.000773s ]
INFO: [ app_begin ] --END-- [ RunTime:0.001076s ]
SQL: SHOW COLUMNS FROM `jxshop_admin` [ RunTime:0.0025s ]
SQL: SELECT * FROM `jxshop_admin` WHERE `id` = 1  [ RunTime:0.0003s ]
SQL: SHOW COLUMNS FROM `jxshop_attribute` [ RunTime:0.0029s ]
SQL: SELECT a.*,(select ga.attr_value  from jxshop_goods_attr ga where ga.attr_id = a.id and ga.goods_id=4) as attr_value FROM jxshop_attribute a WHERE `type_id` = 12  [ RunTime:0.0004s ]

[ 2017-04-02T15:53:27+08:00 ] 127.0.0.1 /index.php/Admin/Goods/get_attr_by_type_edit.html?type_id=11&goods_id=4
INFO: [ app_begin ] --START--
INFO: Run Behavior\ReadHtmlCacheBehavior [ RunTime:0.000332s ]
INFO: [ app_begin ] --END-- [ RunTime:0.000579s ]
SQL: SHOW COLUMNS FROM `jxshop_admin` [ RunTime:0.0024s ]
SQL: SELECT * FROM `jxshop_admin` WHERE `id` = 1  [ RunTime:0.0003s ]
SQL: SHOW COLUMNS FROM `jxshop_attribute` [ RunTime:0.0025s ]
SQL: SELECT a.*,(select ga.attr_value  from jxshop_goods_attr ga where ga.attr_id = a.id and ga.goods_id=4) as attr_value FROM jxshop_attribute a WHERE `type_id` = 11  [ RunTime:0.0004s ]

[ 2017-04-02T15:53:33+08:00 ] 127.0.0.1 /index.php/Admin/Goods/get_attr_by_type_edit.html?type_id=12&goods_id=4
INFO: [ app_begin ] --START--
INFO: Run Behavior\ReadHtmlCacheBehavior [ RunTime:0.000470s ]
INFO: [ app_begin ] --END-- [ RunTime:0.000859s ]
SQL: SHOW COLUMNS FROM `jxshop_admin` [ RunTime:0.0026s ]
SQL: SELECT * FROM `jxshop_admin` WHERE `id` = 1  [ RunTime:0.0003s ]
SQL: SHOW COLUMNS FROM `jxshop_attribute` [ RunTime:0.0030s ]
SQL: SELECT a.*,(select ga.attr_value  from jxshop_goods_attr ga where ga.attr_id = a.id and ga.goods_id=4) as attr_value FROM jxshop_attribute a WHERE `type_id` = 12  [ RunTime:0.0004s ]

[ 2017-04-02T15:59:55+08:00 ] 127.0.0.1 /index.php/Admin/Goods/get_attr_by_type_edit.html?type_id=12&goods_id=4
INFO: [ app_begin ] --START--
INFO: Run Behavior\ReadHtmlCacheBehavior [ RunTime:0.000334s ]
INFO: [ app_begin ] --END-- [ RunTime:0.000578s ]
SQL: SHOW COLUMNS FROM `jxshop_admin` [ RunTime:0.0173s ]
SQL: SELECT * FROM `jxshop_admin` WHERE `id` = 1  [ RunTime:0.0012s ]
SQL: SHOW COLUMNS FROM `jxshop_attribute` [ RunTime:0.0057s ]
SQL: SELECT a.*,(select ga.attr_value  from jxshop_goods_attr ga where ga.attr_id = a.id and ga.goods_id=4) as attr_value FROM jxshop_attribute a WHERE `type_id` = 12  [ RunTime:0.0005s ]

[ 2017-04-02T15:59:59+08:00 ] 127.0.0.1 /index.php/Admin/Goods/get_attr_by_type_edit.html?type_id=11&goods_id=4
INFO: [ app_begin ] --START--
INFO: Run Behavior\ReadHtmlCacheBehavior [ RunTime:0.000320s ]
INFO: [ app_begin ] --END-- [ RunTime:0.000564s ]
SQL: SHOW COLUMNS FROM `jxshop_admin` [ RunTime:0.0024s ]
SQL: SELECT * FROM `jxshop_admin` WHERE `id` = 1  [ RunTime:0.0003s ]
SQL: SHOW COLUMNS FROM `jxshop_attribute` [ RunTime:0.0024s ]
SQL: SELECT a.*,(select ga.attr_value  from jxshop_goods_attr ga where ga.attr_id = a.id and ga.goods_id=4) as attr_value FROM jxshop_attribute a WHERE `type_id` = 11  [ RunTime:0.0003s ]

[ 2017-04-02T16:03:31+08:00 ] 127.0.0.1 /index.php/Admin/Goods/goods_edit1/id/23.html
ERR: :goods_edit1

[ 2017-04-02T16:04:11+08:00 ] 127.0.0.1 /index.php/Admin/Goods/goods_edit1/id/23.html
ERR: :goods_edit1

[ 2017-04-02T16:04:20+08:00 ] 127.0.0.1 /index.php/Admin/Goods/goods_edit1/id/23.html
ERR: :goods_edit1

[ 2017-04-02T16:04:55+08:00 ] 127.0.0.1 /index.php/Admin/Goods/get_attr_by_type_edit.html?type_id=12&goods_id=23
INFO: [ app_begin ] --START--
INFO: Run Behavior\ReadHtmlCacheBehavior [ RunTime:0.000514s ]
INFO: [ app_begin ] --END-- [ RunTime:0.000890s ]
SQL: SHOW COLUMNS FROM `jxshop_admin` [ RunTime:0.0026s ]
SQL: SELECT * FROM `jxshop_admin` WHERE `id` = 1  [ RunTime:0.0003s ]
SQL: SHOW COLUMNS FROM `jxshop_attribute` [ RunTime:0.0023s ]
SQL: SELECT a.*,(select ga.attr_value  from jxshop_goods_attr ga where ga.attr_id = a.id and ga.goods_id=23) as attr_value FROM jxshop_attribute a WHERE `type_id` = 12  [ RunTime:0.0005s ]

[ 2017-04-02T20:00:29+08:00 ] 127.0.0.1 /index.php/Admin/Goods/get_attr_by_type_edit.html?type_id=12&goods_id=3
INFO: [ app_begin ] --START--
INFO: Run Behavior\ReadHtmlCacheBehavior [ RunTime:0.000291s ]
INFO: [ app_begin ] --END-- [ RunTime:0.000507s ]
SQL: SHOW COLUMNS FROM `jxshop_admin` [ RunTime:0.0187s ]
SQL: SELECT * FROM `jxshop_admin` WHERE `id` = 1  [ RunTime:0.0003s ]
SQL: SHOW COLUMNS FROM `jxshop_attribute` [ RunTime:0.0022s ]
SQL: SELECT a.*,(select ga.attr_value  from jxshop_goods_attr ga where ga.attr_id = a.id and ga.goods_id=3) as attr_value FROM jxshop_attribute a WHERE `type_id` = 12  [ RunTime:0.0101s ]

[ 2017-04-02T20:00:55+08:00 ] 127.0.0.1 /index.php/Admin/Goods/get_attr_by_type.html?type_id=11
INFO: [ app_begin ] --START--
INFO: Run Behavior\ReadHtmlCacheBehavior [ RunTime:0.000399s ]
INFO: [ app_begin ] --END-- [ RunTime:0.000669s ]
SQL: SHOW COLUMNS FROM `jxshop_admin` [ RunTime:0.0026s ]
SQL: SELECT * FROM `jxshop_admin` WHERE `id` = 1  [ RunTime:0.0003s ]
SQL: SHOW COLUMNS FROM `jxshop_attribute` [ RunTime:0.0024s ]
SQL: SELECT * FROM `jxshop_attribute` WHERE `type_id` = 11  [ RunTime:0.0003s ]

[ 2017-04-02T20:48:40+08:00 ] 127.0.0.1 /index.php/Admin/Goods/get_attr_by_type.html?type_id=12
INFO: [ app_begin ] --START--
INFO: Run Behavior\ReadHtmlCacheBehavior [ RunTime:0.000307s ]
INFO: [ app_begin ] --END-- [ RunTime:0.000526s ]
SQL: SHOW COLUMNS FROM `jxshop_admin` [ RunTime:0.0026s ]
SQL: SELECT * FROM `jxshop_admin` WHERE `id` = 1  [ RunTime:0.0252s ]
SQL: SHOW COLUMNS FROM `jxshop_attribute` [ RunTime:0.0026s ]
SQL: SELECT * FROM `jxshop_attribute` WHERE `type_id` = 12  [ RunTime:0.0003s ]

[ 2017-04-02T20:51:35+08:00 ] 127.0.0.1 /index.php/Admin/Goods/get_attr_by_type_edit.html?type_id=11&goods_id=4
INFO: [ app_begin ] --START--
INFO: Run Behavior\ReadHtmlCacheBehavior [ RunTime:0.000504s ]
INFO: [ app_begin ] --END-- [ RunTime:0.000883s ]
SQL: SHOW COLUMNS FROM `jxshop_admin` [ RunTime:0.0028s ]
SQL: SELECT * FROM `jxshop_admin` WHERE `id` = 1  [ RunTime:0.0004s ]
SQL: SHOW COLUMNS FROM `jxshop_attribute` [ RunTime:0.0026s ]
SQL: SELECT a.*,(select ga.attr_value  from jxshop_goods_attr ga where ga.attr_id = a.id and ga.goods_id=4) as attr_value FROM jxshop_attribute a WHERE `type_id` = 11  [ RunTime:0.0004s ]

