[ 2017-04-04T22:23:27+08:00 ] 127.0.0.1 /index.php/Admin/Goods/get_attr_by_type.html?type_id=11
INFO: [ app_begin ] --START--
INFO: Run Behavior\ReadHtmlCacheBehavior [ RunTime:0.000354s ]
INFO: [ app_begin ] --END-- [ RunTime:0.000624s ]
SQL: SHOW COLUMNS FROM `jxshop_admin` [ RunTime:0.0023s ]
SQL: SELECT * FROM `jxshop_admin` WHERE `id` = 10  [ RunTime:0.0003s ]
SQL: SHOW COLUMNS FROM `jxshop_privilege` [ RunTime:0.0023s ]
SQL: SELECT `id` FROM `jxshop_privilege` WHERE `module_name` = 'Admin' AND `controller_name` = 'Goods' AND `action_name` = 'get_attr_by_type' LIMIT 1   [ RunTime:0.0002s ]

[ 2017-04-04T22:24:02+08:00 ] 127.0.0.1 /index.php/Admin/Goods/get_attr_by_type.html?type_id=11
INFO: [ app_begin ] --START--
INFO: Run Behavior\ReadHtmlCacheBehavior [ RunTime:0.000649s ]
INFO: [ app_begin ] --END-- [ RunTime:0.001142s ]
SQL: SHOW COLUMNS FROM `jxshop_admin` [ RunTime:0.0471s ]
SQL: SELECT * FROM `jxshop_admin` WHERE `id` = 1  [ RunTime:0.0003s ]
SQL: SHOW COLUMNS FROM `jxshop_attribute` [ RunTime:0.0025s ]
SQL: SELECT * FROM `jxshop_attribute` WHERE `type_id` = 11  [ RunTime:0.0003s ]

[ 2017-04-04T22:24:07+08:00 ] 127.0.0.1 /index.php/Admin/Goods/get_attr_by_type.html?type_id=12
INFO: [ app_begin ] --START--
INFO: Run Behavior\ReadHtmlCacheBehavior [ RunTime:0.000423s ]
INFO: [ app_begin ] --END-- [ RunTime:0.000835s ]
SQL: SHOW COLUMNS FROM `jxshop_admin` [ RunTime:0.0024s ]
SQL: SELECT * FROM `jxshop_admin` WHERE `id` = 1  [ RunTime:0.0003s ]
SQL: SHOW COLUMNS FROM `jxshop_attribute` [ RunTime:0.0023s ]
SQL: SELECT * FROM `jxshop_attribute` WHERE `type_id` = 12  [ RunTime:0.0003s ]

[ 2017-04-04T22:50:28+08:00 ] 127.0.0.1 /index.php/Admin/Attribute/type_edit/id/31.html
ERR: 非法操作:type_edit

[ 2017-04-04T22:51:01+08:00 ] 127.0.0.1 /index.php/Admin/Goods/get_attr_by_type.html?type_id=12
INFO: [ app_begin ] --START--
INFO: Run Behavior\ReadHtmlCacheBehavior [ RunTime:0.000520s ]
INFO: [ app_begin ] --END-- [ RunTime:0.000967s ]
SQL: SHOW COLUMNS FROM `jxshop_admin` [ RunTime:0.0021s ]
SQL: SELECT * FROM `jxshop_admin` WHERE `id` = 1  [ RunTime:0.0003s ]
SQL: SHOW COLUMNS FROM `jxshop_attribute` [ RunTime:0.0023s ]
SQL: SELECT * FROM `jxshop_attribute` WHERE `type_id` = 12  [ RunTime:0.0003s ]

[ 2017-04-04T22:53:11+08:00 ] 127.0.0.1 /index.php/Admin/Attribute/type_edit/id/15.html
ERR: 非法操作:type_edit

[ 2017-04-04T22:54:03+08:00 ] 127.0.0.1 /index.php/Admin/Attribute/type_edit/id/15.html
ERR: 非法操作:type_edit

