[ 2017-04-06T09:05:44+08:00 ] 127.0.0.1 /index.php/Admin/Order/order_del/id/1
INFO: [ app_begin ] --START--
INFO: Run Behavior\ReadHtmlCacheBehavior [ RunTime:0.000469s ]
INFO: [ app_begin ] --END-- [ RunTime:0.000791s ]
SQL: SHOW COLUMNS FROM `jxshop_admin` [ RunTime:0.0023s ]
SQL: SELECT * FROM `jxshop_admin` WHERE `id` = 1  [ RunTime:0.0003s ]
ERR: 非法操作:order_del

[ 2017-04-06T09:39:04+08:00 ] 127.0.0.1 /index.php/Admin/Order/detail/order_id/1.html
ERR: 1054:Unknown column 'u.uer_id' in 'on clause'
 [ SQL语句 ] : SELECT o.*,u.user_name,c.* FROM jxshop_order o INNER JOIN jxshop_user u on u.uer_id = o.user_id INNER JOIN jxshop_consignee c on c.cgn_id = o.cgn_id  WHERE `order_id` = '1' LIMIT 1  

[ 2017-04-06T09:40:02+08:00 ] 127.0.0.1 /index.php/Admin/Order/detail/order_id/1.html
ERR: Call to undefined function Admin\Controller\select()

[ 2017-04-06T09:40:24+08:00 ] 127.0.0.1 /index.php/Admin/Order/detail/order_id/1.html
ERR: 1054:Unknown column 'g.goods_id' in 'on clause'
 [ SQL语句 ] : SELECT og.*,g.goods_name FROM jxshop_order_goods og INNER JOIN jxshop_goods g on og.goods_id = g.goods_id   WHERE `order_id` = '1' 

[ 2017-04-06T09:41:23+08:00 ] 127.0.0.1 /index.php/Admin/Order/detail/order_id/1.html
ERR: 1054:Unknown column 'g.goods_id' in 'on clause'
 [ SQL语句 ] : SELECT og.*,g.goods_name FROM jxshop_order_goods og INNER JOIN jxshop_goods g on og.id = g.goods_id   WHERE `order_id` = '1' 

[ 2017-04-06T09:41:34+08:00 ] 127.0.0.1 /index.php/Admin/Order/detail/order_id/1.html
ERR: 1054:Unknown column 'g.goods_id' in 'on clause'
 [ SQL语句 ] : SELECT og.*,g.goods_name FROM jxshop_order_goods og INNER JOIN jxshop_goods g on og.id = g.goods_id   WHERE `order_id` = '1' 

[ 2017-04-06T18:08:15+08:00 ] 127.0.0.1 /index.php/Admin/goods/showlist
ERR: 非法操作:showlist

[ 2017-04-06T18:08:56+08:00 ] 127.0.0.1 /index.php/Admin/Goods/get_attr_by_type_edit.html?type_id=12&goods_id=1
INFO: [ app_begin ] --START--
INFO: Run Behavior\ReadHtmlCacheBehavior [ RunTime:0.000483s ]
INFO: [ app_begin ] --END-- [ RunTime:0.000935s ]
SQL: SHOW COLUMNS FROM `jxshop_admin` [ RunTime:0.1686s ]
SQL: SELECT * FROM `jxshop_admin` WHERE `id` = 1  [ RunTime:0.0003s ]
SQL: SHOW COLUMNS FROM `jxshop_attribute` [ RunTime:0.0528s ]
SQL: SELECT a.*,(select ga.attr_value  from jxshop_goods_attr ga where ga.attr_id = a.id and ga.goods_id=1) as attr_value FROM jxshop_attribute a WHERE `type_id` = 12  [ RunTime:0.2180s ]

[ 2017-04-06T18:09:12+08:00 ] 127.0.0.1 /index.php/Admin/Goods/get_attr_by_type_edit.html?type_id=11&goods_id=4
INFO: [ app_begin ] --START--
INFO: Run Behavior\ReadHtmlCacheBehavior [ RunTime:0.000573s ]
INFO: [ app_begin ] --END-- [ RunTime:0.001005s ]
SQL: SHOW COLUMNS FROM `jxshop_admin` [ RunTime:0.1540s ]
SQL: SELECT * FROM `jxshop_admin` WHERE `id` = 1  [ RunTime:0.0003s ]
SQL: SHOW COLUMNS FROM `jxshop_attribute` [ RunTime:0.0022s ]
SQL: SELECT a.*,(select ga.attr_value  from jxshop_goods_attr ga where ga.attr_id = a.id and ga.goods_id=4) as attr_value FROM jxshop_attribute a WHERE `type_id` = 11  [ RunTime:0.0004s ]

