[ 2017-04-07T15:01:47+08:00 ] 127.0.0.1 /index.php/Admin/Order/order_del/id/7
INFO: [ app_begin ] --START--
INFO: Run Behavior\ReadHtmlCacheBehavior [ RunTime:0.000793s ]
INFO: [ app_begin ] --END-- [ RunTime:0.001378s ]
SQL: SHOW COLUMNS FROM `jxshop_admin` [ RunTime:0.0024s ]
SQL: SELECT * FROM `jxshop_admin` WHERE `id` = 1  [ RunTime:0.0003s ]
ERR: 非法操作:order_del

[ 2017-04-07T15:01:51+08:00 ] 127.0.0.1 /index.php/Admin/Order/order_del/id/9
INFO: [ app_begin ] --START--
INFO: Run Behavior\ReadHtmlCacheBehavior [ RunTime:0.000435s ]
INFO: [ app_begin ] --END-- [ RunTime:0.000821s ]
SQL: SHOW COLUMNS FROM `jxshop_admin` [ RunTime:0.0024s ]
SQL: SELECT * FROM `jxshop_admin` WHERE `id` = 1  [ RunTime:0.0003s ]
ERR: 非法操作:order_del

[ 2017-04-07T15:01:54+08:00 ] 127.0.0.1 /index.php/Admin/Order/order_del/id/8
INFO: [ app_begin ] --START--
INFO: Run Behavior\ReadHtmlCacheBehavior [ RunTime:0.000388s ]
INFO: [ app_begin ] --END-- [ RunTime:0.000801s ]
SQL: SHOW COLUMNS FROM `jxshop_admin` [ RunTime:0.0020s ]
SQL: SELECT * FROM `jxshop_admin` WHERE `id` = 1  [ RunTime:0.0003s ]
ERR: 非法操作:order_del

[ 2017-04-07T15:16:21+08:00 ] 127.0.0.1 /index.php/Admin/Order/order_del/id/7
INFO: [ app_begin ] --START--
INFO: Run Behavior\ReadHtmlCacheBehavior [ RunTime:0.000546s ]
INFO: [ app_begin ] --END-- [ RunTime:0.000904s ]
SQL: SHOW COLUMNS FROM `jxshop_admin` [ RunTime:0.0603s ]
SQL: SELECT * FROM `jxshop_admin` WHERE `id` = 1  [ RunTime:0.0003s ]
SQL: SHOW COLUMNS FROM `jxshop_order` [ RunTime:0.0026s ]

[ 2017-04-07T15:16:29+08:00 ] 127.0.0.1 /index.php/Admin/Order/order_del/id/8
INFO: [ app_begin ] --START--
INFO: Run Behavior\ReadHtmlCacheBehavior [ RunTime:0.000673s ]
INFO: [ app_begin ] --END-- [ RunTime:0.001263s ]
SQL: SHOW COLUMNS FROM `jxshop_admin` [ RunTime:0.0221s ]
SQL: SELECT * FROM `jxshop_admin` WHERE `id` = 1  [ RunTime:0.0003s ]
SQL: SHOW COLUMNS FROM `jxshop_order` [ RunTime:0.0031s ]

[ 2017-04-07T15:23:00+08:00 ] 127.0.0.1 /index.php/Admin/Order/order_del/id/9
INFO: [ app_begin ] --START--
INFO: Run Behavior\ReadHtmlCacheBehavior [ RunTime:0.000469s ]
INFO: [ app_begin ] --END-- [ RunTime:0.000871s ]
SQL: SHOW COLUMNS FROM `jxshop_admin` [ RunTime:0.0023s ]
SQL: SELECT * FROM `jxshop_admin` WHERE `id` = 1  [ RunTime:0.0003s ]
SQL: SHOW COLUMNS FROM `jxshop_order` [ RunTime:0.0023s ]

[ 2017-04-07T15:25:01+08:00 ] 127.0.0.1 /index.php/Admin/Order/order_del/id/9
INFO: [ app_begin ] --START--
INFO: Run Behavior\ReadHtmlCacheBehavior [ RunTime:0.000664s ]
INFO: [ app_begin ] --END-- [ RunTime:0.001166s ]
SQL: SHOW COLUMNS FROM `jxshop_admin` [ RunTime:0.0027s ]
SQL: SELECT * FROM `jxshop_admin` WHERE `id` = 1  [ RunTime:0.0003s ]
SQL: SHOW COLUMNS FROM `jxshop_order` [ RunTime:0.0026s ]
SQL: DELETE FROM `jxshop_order` WHERE `order_id` = 9 [ RunTime:0.0729s ]

[ 2017-04-07T15:25:11+08:00 ] 127.0.0.1 /index.php/Admin/Order/order_del/id/8
INFO: [ app_begin ] --START--
INFO: Run Behavior\ReadHtmlCacheBehavior [ RunTime:0.000408s ]
INFO: [ app_begin ] --END-- [ RunTime:0.000732s ]
SQL: SHOW COLUMNS FROM `jxshop_admin` [ RunTime:0.0023s ]
SQL: SELECT * FROM `jxshop_admin` WHERE `id` = 1  [ RunTime:0.0003s ]
SQL: SHOW COLUMNS FROM `jxshop_order` [ RunTime:0.0024s ]
SQL: DELETE FROM `jxshop_order` WHERE `order_id` = 8 [ RunTime:0.0677s ]

[ 2017-04-07T15:25:14+08:00 ] 127.0.0.1 /index.php/Admin/Order/order_del/id/7
INFO: [ app_begin ] --START--
INFO: Run Behavior\ReadHtmlCacheBehavior [ RunTime:0.000575s ]
INFO: [ app_begin ] --END-- [ RunTime:0.000986s ]
SQL: SHOW COLUMNS FROM `jxshop_admin` [ RunTime:0.0022s ]
SQL: SELECT * FROM `jxshop_admin` WHERE `id` = 1  [ RunTime:0.0003s ]
SQL: SHOW COLUMNS FROM `jxshop_order` [ RunTime:0.0022s ]
SQL: DELETE FROM `jxshop_order` WHERE `order_id` = 7 [ RunTime:0.0434s ]

[ 2017-04-07T16:20:08+08:00 ] 127.0.0.1 /index.php/Admin/Goods/get_attr_by_type_edit.html?type_id=11&goods_id=4
INFO: [ app_begin ] --START--
INFO: Run Behavior\ReadHtmlCacheBehavior [ RunTime:0.000530s ]
INFO: [ app_begin ] --END-- [ RunTime:0.000911s ]
SQL: SHOW COLUMNS FROM `jxshop_admin` [ RunTime:0.0022s ]
SQL: SELECT * FROM `jxshop_admin` WHERE `id` = 1  [ RunTime:0.0003s ]
SQL: SHOW COLUMNS FROM `jxshop_attribute` [ RunTime:0.0037s ]
SQL: SELECT a.*,(select ga.attr_value  from jxshop_goods_attr ga where ga.attr_id = a.id and ga.goods_id=4) as attr_value FROM jxshop_attribute a WHERE `type_id` = 11  [ RunTime:0.0567s ]

[ 2017-04-07T16:20:15+08:00 ] 127.0.0.1 /index.php/Admin/Goods/get_attr_by_type_edit.html?type_id=12&goods_id=4
INFO: [ app_begin ] --START--
INFO: Run Behavior\ReadHtmlCacheBehavior [ RunTime:0.000398s ]
INFO: [ app_begin ] --END-- [ RunTime:0.000636s ]
SQL: SHOW COLUMNS FROM `jxshop_admin` [ RunTime:0.0023s ]
SQL: SELECT * FROM `jxshop_admin` WHERE `id` = 1  [ RunTime:0.0003s ]
SQL: SHOW COLUMNS FROM `jxshop_attribute` [ RunTime:0.0021s ]
SQL: SELECT a.*,(select ga.attr_value  from jxshop_goods_attr ga where ga.attr_id = a.id and ga.goods_id=4) as attr_value FROM jxshop_attribute a WHERE `type_id` = 12  [ RunTime:0.0004s ]

[ 2017-04-07T16:24:38+08:00 ] 127.0.0.1 /index.php/Admin/Goods/get_attr_by_type_edit.html?type_id=11&goods_id=4
INFO: [ app_begin ] --START--
INFO: Run Behavior\ReadHtmlCacheBehavior [ RunTime:0.000536s ]
INFO: [ app_begin ] --END-- [ RunTime:0.000930s ]
SQL: SHOW COLUMNS FROM `jxshop_admin` [ RunTime:0.0025s ]
SQL: SELECT * FROM `jxshop_admin` WHERE `id` = 1  [ RunTime:0.0004s ]
SQL: SHOW COLUMNS FROM `jxshop_attribute` [ RunTime:0.0022s ]
SQL: SELECT a.*,(select ga.attr_value  from jxshop_goods_attr ga where ga.attr_id = a.id and ga.goods_id=4) as attr_value FROM jxshop_attribute a WHERE `type_id` = 11  [ RunTime:0.0004s ]

[ 2017-04-07T16:26:48+08:00 ] 127.0.0.1 /index.php/Admin/Goods/get_attr_by_type_edit.html?type_id=12&goods_id=1
INFO: [ app_begin ] --START--
INFO: Run Behavior\ReadHtmlCacheBehavior [ RunTime:0.000538s ]
INFO: [ app_begin ] --END-- [ RunTime:0.000955s ]
SQL: SHOW COLUMNS FROM `jxshop_admin` [ RunTime:0.0024s ]
SQL: SELECT * FROM `jxshop_admin` WHERE `id` = 1  [ RunTime:0.0003s ]
SQL: SHOW COLUMNS FROM `jxshop_attribute` [ RunTime:0.0022s ]
SQL: SELECT a.*,(select ga.attr_value  from jxshop_goods_attr ga where ga.attr_id = a.id and ga.goods_id=1) as attr_value FROM jxshop_attribute a WHERE `type_id` = 12  [ RunTime:0.0004s ]

[ 2017-04-07T16:26:59+08:00 ] 127.0.0.1 /index.php/Admin/Goods/get_attr_by_type_edit.html?type_id=11&goods_id=4
INFO: [ app_begin ] --START--
INFO: Run Behavior\ReadHtmlCacheBehavior [ RunTime:0.000392s ]
INFO: [ app_begin ] --END-- [ RunTime:0.000680s ]
SQL: SHOW COLUMNS FROM `jxshop_admin` [ RunTime:0.0023s ]
SQL: SELECT * FROM `jxshop_admin` WHERE `id` = 1  [ RunTime:0.0004s ]
SQL: SHOW COLUMNS FROM `jxshop_attribute` [ RunTime:0.0026s ]
SQL: SELECT a.*,(select ga.attr_value  from jxshop_goods_attr ga where ga.attr_id = a.id and ga.goods_id=4) as attr_value FROM jxshop_attribute a WHERE `type_id` = 11  [ RunTime:0.0011s ]

[ 2017-04-07T16:27:50+08:00 ] 127.0.0.1 /index.php/Admin/Goods/get_attr_by_type_edit.html?type_id=12&goods_id=4
INFO: [ app_begin ] --START--
INFO: Run Behavior\ReadHtmlCacheBehavior [ RunTime:0.000945s ]
INFO: [ app_begin ] --END-- [ RunTime:0.001406s ]
SQL: SHOW COLUMNS FROM `jxshop_admin` [ RunTime:0.0025s ]
SQL: SELECT * FROM `jxshop_admin` WHERE `id` = 1  [ RunTime:0.0004s ]
SQL: SHOW COLUMNS FROM `jxshop_attribute` [ RunTime:0.0033s ]
SQL: SELECT a.*,(select ga.attr_value  from jxshop_goods_attr ga where ga.attr_id = a.id and ga.goods_id=4) as attr_value FROM jxshop_attribute a WHERE `type_id` = 12  [ RunTime:0.0004s ]

[ 2017-04-07T16:30:09+08:00 ] 127.0.0.1 /index.php/Admin/Goods/get_attr_by_type_edit.html?type_id=12&goods_id=4
INFO: [ app_begin ] --START--
INFO: Run Behavior\ReadHtmlCacheBehavior [ RunTime:0.000627s ]
INFO: [ app_begin ] --END-- [ RunTime:0.000926s ]
SQL: SHOW COLUMNS FROM `jxshop_admin` [ RunTime:0.0023s ]
SQL: SELECT * FROM `jxshop_admin` WHERE `id` = 1  [ RunTime:0.0003s ]
SQL: SHOW COLUMNS FROM `jxshop_attribute` [ RunTime:0.0021s ]
SQL: SELECT a.*,(select ga.attr_value  from jxshop_goods_attr ga where ga.attr_id = a.id and ga.goods_id=4) as attr_value FROM jxshop_attribute a WHERE `type_id` = 12  [ RunTime:0.0004s ]

[ 2017-04-07T16:38:49+08:00 ] 127.0.0.1 /index.php/Admin/Goods/get_attr_by_type_edit.html?type_id=12&goods_id=4
INFO: [ app_begin ] --START--
INFO: Run Behavior\ReadHtmlCacheBehavior [ RunTime:0.001486s ]
INFO: [ app_begin ] --END-- [ RunTime:0.002142s ]
SQL: SHOW COLUMNS FROM `jxshop_admin` [ RunTime:0.0040s ]
SQL: SELECT * FROM `jxshop_admin` WHERE `id` = 1  [ RunTime:0.0003s ]
SQL: SHOW COLUMNS FROM `jxshop_attribute` [ RunTime:0.0020s ]
SQL: SELECT a.*,(select ga.attr_value  from jxshop_goods_attr ga where ga.attr_id = a.id and ga.goods_id=4) as attr_value FROM jxshop_attribute a WHERE `type_id` = 12  [ RunTime:0.0004s ]

[ 2017-04-07T16:38:55+08:00 ] 127.0.0.1 /index.php/Admin/Goods/get_attr_by_type_edit.html?type_id=11&goods_id=4
INFO: [ app_begin ] --START--
INFO: Run Behavior\ReadHtmlCacheBehavior [ RunTime:0.000288s ]
INFO: [ app_begin ] --END-- [ RunTime:0.000558s ]
SQL: SHOW COLUMNS FROM `jxshop_admin` [ RunTime:0.0023s ]
SQL: SELECT * FROM `jxshop_admin` WHERE `id` = 1  [ RunTime:0.0003s ]
SQL: SHOW COLUMNS FROM `jxshop_attribute` [ RunTime:0.0020s ]
SQL: SELECT a.*,(select ga.attr_value  from jxshop_goods_attr ga where ga.attr_id = a.id and ga.goods_id=4) as attr_value FROM jxshop_attribute a WHERE `type_id` = 11  [ RunTime:0.0003s ]

[ 2017-04-07T16:39:21+08:00 ] 127.0.0.1 /index.php/Admin/Goods/get_attr_by_type_edit.html?type_id=11&goods_id=4
INFO: [ app_begin ] --START--
INFO: Run Behavior\ReadHtmlCacheBehavior [ RunTime:0.000354s ]
INFO: [ app_begin ] --END-- [ RunTime:0.000637s ]
SQL: SHOW COLUMNS FROM `jxshop_admin` [ RunTime:0.0038s ]
SQL: SELECT * FROM `jxshop_admin` WHERE `id` = 1  [ RunTime:0.0018s ]
SQL: SHOW COLUMNS FROM `jxshop_attribute` [ RunTime:0.0041s ]
SQL: SELECT a.*,(select ga.attr_value  from jxshop_goods_attr ga where ga.attr_id = a.id and ga.goods_id=4) as attr_value FROM jxshop_attribute a WHERE `type_id` = 11  [ RunTime:0.0006s ]

[ 2017-04-07T16:43:36+08:00 ] 127.0.0.1 /index.php/Admin/Goods/get_attr_by_type_edit.html?type_id=12&goods_id=3
INFO: [ app_begin ] --START--
INFO: Run Behavior\ReadHtmlCacheBehavior [ RunTime:0.000773s ]
INFO: [ app_begin ] --END-- [ RunTime:0.001213s ]
SQL: SHOW COLUMNS FROM `jxshop_admin` [ RunTime:0.0021s ]
SQL: SELECT * FROM `jxshop_admin` WHERE `id` = 1  [ RunTime:0.0003s ]
SQL: SHOW COLUMNS FROM `jxshop_attribute` [ RunTime:0.0022s ]
SQL: SELECT a.*,(select ga.attr_value  from jxshop_goods_attr ga where ga.attr_id = a.id and ga.goods_id=3) as attr_value FROM jxshop_attribute a WHERE `type_id` = 12  [ RunTime:0.0005s ]

[ 2017-04-07T16:46:06+08:00 ] 127.0.0.1 /index.php/Admin/Goods/get_attr_by_type_edit.html?type_id=12&goods_id=3
INFO: [ app_begin ] --START--
INFO: Run Behavior\ReadHtmlCacheBehavior [ RunTime:0.000349s ]
INFO: [ app_begin ] --END-- [ RunTime:0.000664s ]
SQL: SHOW COLUMNS FROM `jxshop_admin` [ RunTime:0.0054s ]
SQL: SELECT * FROM `jxshop_admin` WHERE `id` = 1  [ RunTime:0.0004s ]
SQL: SHOW COLUMNS FROM `jxshop_attribute` [ RunTime:0.0030s ]
SQL: SELECT a.*,(select ga.attr_value  from jxshop_goods_attr ga where ga.attr_id = a.id and ga.goods_id=3) as attr_value FROM jxshop_attribute a WHERE `type_id` = 12  [ RunTime:0.0006s ]

[ 2017-04-07T16:48:22+08:00 ] 127.0.0.1 /index.php/Admin/Goods/get_attr_by_type_edit.html?type_id=12&goods_id=3
INFO: [ app_begin ] --START--
INFO: Run Behavior\ReadHtmlCacheBehavior [ RunTime:0.000399s ]
INFO: [ app_begin ] --END-- [ RunTime:0.000700s ]
SQL: SHOW COLUMNS FROM `jxshop_admin` [ RunTime:0.0023s ]
SQL: SELECT * FROM `jxshop_admin` WHERE `id` = 1  [ RunTime:0.0003s ]
SQL: SHOW COLUMNS FROM `jxshop_attribute` [ RunTime:0.0022s ]
SQL: SELECT a.*,(select ga.attr_value  from jxshop_goods_attr ga where ga.attr_id = a.id and ga.goods_id=3) as attr_value FROM jxshop_attribute a WHERE `type_id` = 12  [ RunTime:0.0004s ]

[ 2017-04-07T16:49:40+08:00 ] 127.0.0.1 /index.php/Admin/Goods/get_attr_by_type_edit.html?type_id=12&goods_id=3
INFO: [ app_begin ] --START--
INFO: Run Behavior\ReadHtmlCacheBehavior [ RunTime:0.000416s ]
INFO: [ app_begin ] --END-- [ RunTime:0.000723s ]
SQL: SHOW COLUMNS FROM `jxshop_admin` [ RunTime:0.0021s ]
SQL: SELECT * FROM `jxshop_admin` WHERE `id` = 1  [ RunTime:0.0003s ]
SQL: SHOW COLUMNS FROM `jxshop_attribute` [ RunTime:0.0021s ]
SQL: SELECT a.*,(select ga.attr_value  from jxshop_goods_attr ga where ga.attr_id = a.id and ga.goods_id=3) as attr_value FROM jxshop_attribute a WHERE `type_id` = 12  [ RunTime:0.0004s ]

[ 2017-04-07T16:50:30+08:00 ] 127.0.0.1 /index.php/Admin/Goods/get_attr_by_type_edit.html?type_id=12&goods_id=25
INFO: [ app_begin ] --START--
INFO: Run Behavior\ReadHtmlCacheBehavior [ RunTime:0.000414s ]
INFO: [ app_begin ] --END-- [ RunTime:0.000689s ]
SQL: SHOW COLUMNS FROM `jxshop_admin` [ RunTime:0.0136s ]
SQL: SELECT * FROM `jxshop_admin` WHERE `id` = 1  [ RunTime:0.0003s ]
SQL: SHOW COLUMNS FROM `jxshop_attribute` [ RunTime:0.0022s ]
SQL: SELECT a.*,(select ga.attr_value  from jxshop_goods_attr ga where ga.attr_id = a.id and ga.goods_id=25) as attr_value FROM jxshop_attribute a WHERE `type_id` = 12  [ RunTime:0.0005s ]

[ 2017-04-07T17:05:43+08:00 ] 127.0.0.1 /index.php/Admin/Goods/get_attr_by_type_edit.html?type_id=12&goods_id=25
INFO: [ app_begin ] --START--
INFO: Run Behavior\ReadHtmlCacheBehavior [ RunTime:0.000520s ]
INFO: [ app_begin ] --END-- [ RunTime:0.000931s ]
SQL: SHOW COLUMNS FROM `jxshop_admin` [ RunTime:0.0023s ]
SQL: SELECT * FROM `jxshop_admin` WHERE `id` = 1  [ RunTime:0.0003s ]
SQL: SHOW COLUMNS FROM `jxshop_attribute` [ RunTime:0.0021s ]
SQL: SELECT a.*,(select ga.attr_value  from jxshop_goods_attr ga where ga.attr_id = a.id and ga.goods_id=25) as attr_value FROM jxshop_attribute a WHERE `type_id` = 12  [ RunTime:0.0004s ]

[ 2017-04-07T17:13:12+08:00 ] 127.0.0.1 /index.php/Admin/Goods/get_attr_by_type_edit.html?type_id=12&goods_id=25
INFO: [ app_begin ] --START--
INFO: Run Behavior\ReadHtmlCacheBehavior [ RunTime:0.000331s ]
INFO: [ app_begin ] --END-- [ RunTime:0.000599s ]
SQL: SHOW COLUMNS FROM `jxshop_admin` [ RunTime:0.0024s ]
SQL: SELECT * FROM `jxshop_admin` WHERE `id` = 1  [ RunTime:0.0003s ]
SQL: SHOW COLUMNS FROM `jxshop_attribute` [ RunTime:0.0026s ]
SQL: SELECT a.*,(select ga.attr_value  from jxshop_goods_attr ga where ga.attr_id = a.id and ga.goods_id=25) as attr_value FROM jxshop_attribute a WHERE `type_id` = 12  [ RunTime:0.0006s ]

[ 2017-04-07T17:13:44+08:00 ] 127.0.0.1 /index.php/Admin/Goods/get_attr_by_type_edit.html?type_id=12&goods_id=25
INFO: [ app_begin ] --START--
INFO: Run Behavior\ReadHtmlCacheBehavior [ RunTime:0.000367s ]
INFO: [ app_begin ] --END-- [ RunTime:0.000677s ]
SQL: SHOW COLUMNS FROM `jxshop_admin` [ RunTime:0.0020s ]
SQL: SELECT * FROM `jxshop_admin` WHERE `id` = 1  [ RunTime:0.0003s ]
SQL: SHOW COLUMNS FROM `jxshop_attribute` [ RunTime:0.0020s ]
SQL: SELECT a.*,(select ga.attr_value  from jxshop_goods_attr ga where ga.attr_id = a.id and ga.goods_id=25) as attr_value FROM jxshop_attribute a WHERE `type_id` = 12  [ RunTime:0.0004s ]

[ 2017-04-07T17:16:22+08:00 ] 127.0.0.1 /index.php/Admin/Goods/get_attr_by_type_edit.html?type_id=12&goods_id=25
INFO: [ app_begin ] --START--
INFO: Run Behavior\ReadHtmlCacheBehavior [ RunTime:0.000421s ]
INFO: [ app_begin ] --END-- [ RunTime:0.000818s ]
SQL: SHOW COLUMNS FROM `jxshop_admin` [ RunTime:0.0022s ]
SQL: SELECT * FROM `jxshop_admin` WHERE `id` = 1  [ RunTime:0.0003s ]
SQL: SHOW COLUMNS FROM `jxshop_attribute` [ RunTime:0.0020s ]
SQL: SELECT a.*,(select ga.attr_value  from jxshop_goods_attr ga where ga.attr_id = a.id and ga.goods_id=25) as attr_value FROM jxshop_attribute a WHERE `type_id` = 12  [ RunTime:0.0004s ]

[ 2017-04-07T17:17:41+08:00 ] 127.0.0.1 /index.php/Admin/Goods/get_attr_by_type_edit.html?type_id=12&goods_id=25
INFO: [ app_begin ] --START--
INFO: Run Behavior\ReadHtmlCacheBehavior [ RunTime:0.000475s ]
INFO: [ app_begin ] --END-- [ RunTime:0.000773s ]
SQL: SHOW COLUMNS FROM `jxshop_admin` [ RunTime:0.0024s ]
SQL: SELECT * FROM `jxshop_admin` WHERE `id` = 1  [ RunTime:0.0009s ]
SQL: SHOW COLUMNS FROM `jxshop_attribute` [ RunTime:0.0023s ]
SQL: SELECT a.*,(select ga.attr_value  from jxshop_goods_attr ga where ga.attr_id = a.id and ga.goods_id=25) as attr_value FROM jxshop_attribute a WHERE `type_id` = 12  [ RunTime:0.0013s ]

